This file contains any messages produced by compilers while
running configure, to aid debugging if configure makes a mistake.

It was created by FULL-PACKAGE-NAME configure VERSION, which was
generated by GNU Autoconf 2.60.  Invocation command line was

  $ ./configure 

## --------- ##
## Platform. ##
## --------- ##

hostname = ubuntujov
uname -m = i686
uname -r = 2.6.17-lttng-0.5.113
uname -s = Linux
uname -v = #41 PREEMPT Wed Dec 6 12:05:05 EST 2006

/usr/bin/uname -p = unknown
/bin/uname -X     = unknown

/bin/arch              = i686
/usr/bin/arch -k       = unknown
/usr/convex/getsysinfo = unknown
/usr/bin/hostinfo      = unknown
/bin/machine           = unknown
/usr/bin/oslevel       = unknown
/bin/universe          = unknown

PATH: /usr/local/sbin
PATH: /usr/local/bin
PATH: /usr/sbin
PATH: /usr/bin
PATH: /sbin
PATH: /bin
PATH: /usr/X11R6/bin


## ----------- ##
## Core tests. ##
## ----------- ##

configure:1992: checking for a BSD-compatible install
configure:2048: result: /usr/bin/install -c
configure:2059: checking whether build environment is sane
configure:2102: result: yes
configure:2135: checking for gawk
configure:2165: result: no
configure:2135: checking for mawk
configure:2151: found /usr/bin/mawk
configure:2162: result: mawk
configure:2173: checking whether make sets $(MAKE)
configure:2194: result: yes
configure:2454: checking build system type
configure:2472: result: i686-pc-linux-gnu
configure:2494: checking host system type
configure:2509: result: i686-pc-linux-gnu
configure:2543: checking for style of include used by make
configure:2571: result: GNU
configure:2644: checking for gcc
configure:2660: found /usr/bin/gcc
configure:2671: result: gcc
configure:2909: checking for C compiler version
configure:2916: gcc --version >&5
gcc (GCC) 4.0.3 (Ubuntu 4.0.3-1ubuntu5)
Copyright (C) 2006 Free Software Foundation, Inc.
This is free software; see the source for copying conditions.  There is NO
warranty; not even for MERCHANTABILITY or FITNESS FOR A PARTICULAR PURPOSE.

configure:2919: $? = 0
configure:2926: gcc -v >&5
Using built-in specs.
Target: i486-linux-gnu
Configured with: ../src/configure -v --enable-languages=c,c++,java,f95,objc,ada,treelang --prefix=/usr --enable-shared --with-system-zlib --libexecdir=/usr/lib --without-included-gettext --enable-threads=posix --enable-nls --program-suffix=-4.0 --enable-__cxa_atexit --enable-clocale=gnu --enable-libstdcxx-debug --enable-java-awt=gtk-default --enable-gtk-cairo --with-java-home=/usr/lib/jvm/java-1.4.2-gcj-4.0-1.4.2.0/jre --enable-mpfr --disable-werror --with-tune=pentium4 --enable-checking=release i486-linux-gnu
Thread model: posix
gcc version 4.0.3 (Ubuntu 4.0.3-1ubuntu5)
configure:2929: $? = 0
configure:2936: gcc -V >&5
gcc: '-V' option must have argument
configure:2939: $? = 1
configure:2962: checking for C compiler default output file name
configure:2989: gcc    conftest.c  >&5
configure:2992: $? = 0
configure:3038: result: a.out
configure:3043: checking whether the C compiler works
configure:3053: ./a.out
configure:3056: $? = 0
configure:3073: result: yes
configure:3080: checking whether we are cross compiling
configure:3082: result: no
configure:3085: checking for suffix of executables
configure:3092: gcc -o conftest    conftest.c  >&5
configure:3095: $? = 0
configure:3119: result: 
configure:3125: checking for suffix of object files
configure:3151: gcc -c   conftest.c >&5
configure:3154: $? = 0
configure:3177: result: o
configure:3181: checking whether we are using the GNU C compiler
configure:3210: gcc -c   conftest.c >&5
configure:3216: $? = 0
configure:3223: test -z "$ac_c_werror_flag" || test ! -s conftest.err
configure:3226: $? = 0
configure:3233: test -s conftest.o
configure:3236: $? = 0
configure:3250: result: yes
configure:3255: checking whether gcc accepts -g
configure:3285: gcc -c -g  conftest.c >&5
configure:3291: $? = 0
configure:3298: test -z "$ac_c_werror_flag" || test ! -s conftest.err
configure:3301: $? = 0
configure:3308: test -s conftest.o
configure:3311: $? = 0
configure:3441: result: yes
configure:3458: checking for gcc option to accept ISO C89
configure:3532: gcc  -c -g -O2  conftest.c >&5
configure:3538: $? = 0
configure:3545: test -z "$ac_c_werror_flag" || test ! -s conftest.err
configure:3548: $? = 0
configure:3555: test -s conftest.o
configure:3558: $? = 0
configure:3578: result: none needed
configure:3598: checking dependency style of gcc
configure:3681: result: gcc3
configure:3698: checking for a sed that does not truncate output
configure:3752: result: /bin/sed
configure:3755: checking for grep that handles long lines and -e
configure:3829: result: /bin/grep
configure:3834: checking for egrep
configure:3912: result: /bin/grep -E
configure:3928: checking for ld used by gcc
configure:3995: result: /usr/bin/ld
configure:4004: checking if the linker (/usr/bin/ld) is GNU ld
configure:4019: result: yes
configure:4024: checking for /usr/bin/ld option to reload object files
configure:4031: result: -r
configure:4049: checking for BSD-compatible nm
configure:4098: result: /usr/bin/nm -B
configure:4102: checking whether ln -s works
configure:4106: result: yes
configure:4113: checking how to recognise dependent libraries
configure:4289: result: pass_all
configure:4539: checking how to run the C preprocessor
configure:4579: gcc -E  conftest.c
configure:4585: $? = 0
configure:4623: gcc -E  conftest.c
conftest.c:10:28: error: ac_nonexistent.h: No such file or directory
configure:4629: $? = 1
configure: failed program was:
| /* confdefs.h.  */
| #define PACKAGE_NAME "FULL-PACKAGE-NAME"
| #define PACKAGE_TARNAME "full-package-name"
| #define PACKAGE_VERSION "VERSION"
| #define PACKAGE_STRING "FULL-PACKAGE-NAME VERSION"
| #define PACKAGE_BUGREPORT "BUG-REPORT-ADDRESS"
| #define PACKAGE "LinuxTraceToolkitViewer"
| #define VERSION "0.8.61-16092006"
| /* end confdefs.h.  */
| #include <ac_nonexistent.h>
configure:4669: result: gcc -E
configure:4698: gcc -E  conftest.c
configure:4704: $? = 0
configure:4742: gcc -E  conftest.c
conftest.c:10:28: error: ac_nonexistent.h: No such file or directory
configure:4748: $? = 1
configure: failed program was:
| /* confdefs.h.  */
| #define PACKAGE_NAME "FULL-PACKAGE-NAME"
| #define PACKAGE_TARNAME "full-package-name"
| #define PACKAGE_VERSION "VERSION"
| #define PACKAGE_STRING "FULL-PACKAGE-NAME VERSION"
| #define PACKAGE_BUGREPORT "BUG-REPORT-ADDRESS"
| #define PACKAGE "LinuxTraceToolkitViewer"
| #define VERSION "0.8.61-16092006"
| /* end confdefs.h.  */
| #include <ac_nonexistent.h>
configure:4793: checking for ANSI C header files
configure:4823: gcc -c -g -O2  conftest.c >&5
configure:4829: $? = 0
configure:4836: test -z "$ac_c_werror_flag" || test ! -s conftest.err
configure:4839: $? = 0
configure:4846: test -s conftest.o
configure:4849: $? = 0
configure:4945: gcc -o conftest -g -O2   conftest.c  >&5
configure:4948: $? = 0
configure:4954: ./conftest
configure:4957: $? = 0
configure:4974: result: yes
configure:4998: checking for sys/types.h
configure:5019: gcc -c -g -O2  conftest.c >&5
configure:5025: $? = 0
configure:5032: test -z "$ac_c_werror_flag" || test ! -s conftest.err
configure:5035: $? = 0
configure:5042: test -s conftest.o
configure:5045: $? = 0
configure:5058: result: yes
configure:4998: checking for sys/stat.h
configure:5019: gcc -c -g -O2  conftest.c >&5
configure:5025: $? = 0
configure:5032: test -z "$ac_c_werror_flag" || test ! -s conftest.err
configure:5035: $? = 0
configure:5042: test -s conftest.o
configure:5045: $? = 0
configure:5058: result: yes
configure:4998: checking for stdlib.h
configure:5019: gcc -c -g -O2  conftest.c >&5
configure:5025: $? = 0
configure:5032: test -z "$ac_c_werror_flag" || test ! -s conftest.err
configure:5035: $? = 0
configure:5042: test -s conftest.o
configure:5045: $? = 0
configure:5058: result: yes
configure:4998: checking for string.h
configure:5019: gcc -c -g -O2  conftest.c >&5
configure:5025: $? = 0
configure:5032: test -z "$ac_c_werror_flag" || test ! -s conftest.err
configure:5035: $? = 0
configure:5042: test -s conftest.o
configure:5045: $? = 0
configure:5058: result: yes
configure:4998: checking for memory.h
configure:5019: gcc -c -g -O2  conftest.c >&5
configure:5025: $? = 0
configure:5032: test -z "$ac_c_werror_flag" || test ! -s conftest.err
configure:5035: $? = 0
configure:5042: test -s conftest.o
configure:5045: $? = 0
configure:5058: result: yes
configure:4998: checking for strings.h
configure:5019: gcc -c -g -O2  conftest.c >&5
configure:5025: $? = 0
configure:5032: test -z "$ac_c_werror_flag" || test ! -s conftest.err
configure:5035: $? = 0
configure:5042: test -s conftest.o
configure:5045: $? = 0
configure:5058: result: yes
configure:4998: checking for inttypes.h
configure:5019: gcc -c -g -O2  conftest.c >&5
configure:5025: $? = 0
configure:5032: test -z "$ac_c_werror_flag" || test ! -s conftest.err
configure:5035: $? = 0
configure:5042: test -s conftest.o
configure:5045: $? = 0
configure:5058: result: yes
configure:4998: checking for stdint.h
configure:5019: gcc -c -g -O2  conftest.c >&5
configure:5025: $? = 0
configure:5032: test -z "$ac_c_werror_flag" || test ! -s conftest.err
configure:5035: $? = 0
configure:5042: test -s conftest.o
configure:5045: $? = 0
configure:5058: result: yes
configure:4998: checking for unistd.h
configure:5019: gcc -c -g -O2  conftest.c >&5
configure:5025: $? = 0
configure:5032: test -z "$ac_c_werror_flag" || test ! -s conftest.err
configure:5035: $? = 0
configure:5042: test -s conftest.o
configure:5045: $? = 0
configure:5058: result: yes
configure:5085: checking dlfcn.h usability
configure:5102: gcc -c -g -O2  conftest.c >&5
configure:5108: $? = 0
configure:5115: test -z "$ac_c_werror_flag" || test ! -s conftest.err
configure:5118: $? = 0
configure:5125: test -s conftest.o
configure:5128: $? = 0
configure:5139: result: yes
configure:5143: checking dlfcn.h presence
configure:5158: gcc -E  conftest.c
configure:5164: $? = 0
configure:5185: result: yes
configure:5218: checking for dlfcn.h
configure:5226: result: yes
configure:5297: checking for g++
configure:5313: found /usr/bin/g++
configure:5324: result: g++
configure:5355: checking for C++ compiler version
configure:5362: g++ --version >&5
g++ (GCC) 4.0.3 (Ubuntu 4.0.3-1ubuntu5)
Copyright (C) 2006 Free Software Foundation, Inc.
This is free software; see the source for copying conditions.  There is NO
warranty; not even for MERCHANTABILITY or FITNESS FOR A PARTICULAR PURPOSE.

configure:5365: $? = 0
configure:5372: g++ -v >&5
Using built-in specs.
Target: i486-linux-gnu
Configured with: ../src/configure -v --enable-languages=c,c++,java,f95,objc,ada,treelang --prefix=/usr --enable-shared --with-system-zlib --libexecdir=/usr/lib --without-included-gettext --enable-threads=posix --enable-nls --program-suffix=-4.0 --enable-__cxa_atexit --enable-clocale=gnu --enable-libstdcxx-debug --enable-java-awt=gtk-default --enable-gtk-cairo --with-java-home=/usr/lib/jvm/java-1.4.2-gcj-4.0-1.4.2.0/jre --enable-mpfr --disable-werror --with-tune=pentium4 --enable-checking=release i486-linux-gnu
Thread model: posix
gcc version 4.0.3 (Ubuntu 4.0.3-1ubuntu5)
configure:5375: $? = 0
configure:5382: g++ -V >&5
g++: '-V' option must have argument
configure:5385: $? = 1
configure:5388: checking whether we are using the GNU C++ compiler
configure:5417: g++ -c   conftest.cpp >&5
configure:5423: $? = 0
configure:5430: test -z "$ac_cxx_werror_flag" || test ! -s conftest.err
configure:5433: $? = 0
configure:5440: test -s conftest.o
configure:5443: $? = 0
configure:5457: result: yes
configure:5462: checking whether g++ accepts -g
configure:5492: g++ -c -g  conftest.cpp >&5
configure:5498: $? = 0
configure:5505: test -z "$ac_cxx_werror_flag" || test ! -s conftest.err
configure:5508: $? = 0
configure:5515: test -s conftest.o
configure:5518: $? = 0
configure:5648: result: yes
configure:5673: checking dependency style of g++
configure:5756: result: gcc3
configure:5783: checking how to run the C++ preprocessor
configure:5819: g++ -E  conftest.cpp
configure:5825: $? = 0
configure:5863: g++ -E  conftest.cpp
conftest.cpp:21:28: error: ac_nonexistent.h: No such file or directory
configure:5869: $? = 1
configure: failed program was:
| /* confdefs.h.  */
| #define PACKAGE_NAME "FULL-PACKAGE-NAME"
| #define PACKAGE_TARNAME "full-package-name"
| #define PACKAGE_VERSION "VERSION"
| #define PACKAGE_STRING "FULL-PACKAGE-NAME VERSION"
| #define PACKAGE_BUGREPORT "BUG-REPORT-ADDRESS"
| #define PACKAGE "LinuxTraceToolkitViewer"
| #define VERSION "0.8.61-16092006"
| #define STDC_HEADERS 1
| #define HAVE_SYS_TYPES_H 1
| #define HAVE_SYS_STAT_H 1
| #define HAVE_STDLIB_H 1
| #define HAVE_STRING_H 1
| #define HAVE_MEMORY_H 1
| #define HAVE_STRINGS_H 1
| #define HAVE_INTTYPES_H 1
| #define HAVE_STDINT_H 1
| #define HAVE_UNISTD_H 1
| #define HAVE_DLFCN_H 1
| /* end confdefs.h.  */
| #include <ac_nonexistent.h>
configure:5909: result: g++ -E
configure:5938: g++ -E  conftest.cpp
configure:5944: $? = 0
configure:5982: g++ -E  conftest.cpp
conftest.cpp:21:28: error: ac_nonexistent.h: No such file or directory
configure:5988: $? = 1
configure: failed program was:
| /* confdefs.h.  */
| #define PACKAGE_NAME "FULL-PACKAGE-NAME"
| #define PACKAGE_TARNAME "full-package-name"
| #define PACKAGE_VERSION "VERSION"
| #define PACKAGE_STRING "FULL-PACKAGE-NAME VERSION"
| #define PACKAGE_BUGREPORT "BUG-REPORT-ADDRESS"
| #define PACKAGE "LinuxTraceToolkitViewer"
| #define VERSION "0.8.61-16092006"
| #define STDC_HEADERS 1
| #define HAVE_SYS_TYPES_H 1
| #define HAVE_SYS_STAT_H 1
| #define HAVE_STDLIB_H 1
| #define HAVE_STRING_H 1
| #define HAVE_MEMORY_H 1
| #define HAVE_STRINGS_H 1
| #define HAVE_INTTYPES_H 1
| #define HAVE_STDINT_H 1
| #define HAVE_UNISTD_H 1
| #define HAVE_DLFCN_H 1
| /* end confdefs.h.  */
| #include <ac_nonexistent.h>
configure:6088: checking for g77
configure:6118: result: no
configure:6088: checking for f77
configure:6118: result: no
configure:6088: checking for xlf
configure:6118: result: no
configure:6088: checking for frt
configure:6118: result: no
configure:6088: checking for pgf77
configure:6118: result: no
configure:6088: checking for cf77
configure:6118: result: no
configure:6088: checking for fort77
configure:6118: result: no
configure:6088: checking for fl32
configure:6118: result: no
configure:6088: checking for af77
configure:6118: result: no
configure:6088: checking for f90
configure:6118: result: no
configure:6088: checking for xlf90
configure:6118: result: no
configure:6088: checking for pgf90
configure:6118: result: no
configure:6088: checking for pghpf
configure:6118: result: no
configure:6088: checking for epcf90
configure:6118: result: no
configure:6088: checking for gfortran
configure:6118: result: no
configure:6088: checking for g95
configure:6118: result: no
configure:6088: checking for f95
configure:6118: result: no
configure:6088: checking for fort
configure:6118: result: no
configure:6088: checking for xlf95
configure:6118: result: no
configure:6088: checking for ifort
configure:6118: result: no
configure:6088: checking for ifc
configure:6118: result: no
configure:6088: checking for efc
configure:6118: result: no
configure:6088: checking for pgf95
configure:6118: result: no
configure:6088: checking for lf95
configure:6118: result: no
configure:6088: checking for ftn
configure:6118: result: no
configure:6145: checking for Fortran 77 compiler version
configure:6152:  --version >&5
./configure: line 6153: --version: command not found
configure:6155: $? = 127
configure:6162:  -v >&5
./configure: line 6163: -v: command not found
configure:6165: $? = 127
configure:6172:  -V >&5
./configure: line 6173: -V: command not found
configure:6175: $? = 127
configure:6183: checking whether we are using the GNU Fortran 77 compiler
configure:6202:  -c  conftest.F >&5
./configure: line 6203: -c: command not found
configure:6208: $? = 127
configure: failed program was:
|       program main
| #ifndef __GNUC__
|        choke me
| #endif
| 
|       end
configure:6242: result: no
configure:6248: checking whether  accepts -g
configure:6265:  -c -g conftest.f >&5
./configure: line 6266: -c: command not found
configure:6271: $? = 127
configure: failed program was:
|       program main
| 
|       end
configure:6304: result: no
configure:6334: checking the maximum length of command line arguments
configure:6443: result: 32768
configure:6454: checking command to parse /usr/bin/nm -B output from gcc object
configure:6559: gcc -c -g -O2  conftest.c >&5
configure:6562: $? = 0
configure:6566: /usr/bin/nm -B conftest.o \| sed -n -e 's/^.*[ 	]\([ABCDGIRSTW][ABCDGIRSTW]*\)[ 	][ 	]*\([_A-Za-z][_A-Za-z0-9]*\)$/\1 \2 \2/p' \> conftest.nm
configure:6569: $? = 0
configure:6621: gcc -o conftest -g -O2   conftest.c conftstm.o >&5
configure:6624: $? = 0
configure:6662: result: ok
configure:6666: checking for objdir
configure:6681: result: .libs
configure:6773: checking for ar
configure:6789: found /usr/bin/ar
configure:6800: result: ar
configure:6869: checking for ranlib
configure:6885: found /usr/bin/ranlib
configure:6896: result: ranlib
configure:6965: checking for strip
configure:6981: found /usr/bin/strip
configure:6992: result: strip
configure:7278: checking if gcc supports -fno-rtti -fno-exceptions
configure:7296: gcc -c -g -O2  -fno-rtti -fno-exceptions conftest.c >&5
cc1: warning: command line option "-fno-rtti" is valid for C++/ObjC++ but not for C
configure:7300: $? = 0
configure:7313: result: no
configure:7328: checking for gcc option to produce PIC
configure:7538: result: -fPIC
configure:7546: checking if gcc PIC flag -fPIC works
configure:7564: gcc -c -g -O2  -fPIC -DPIC conftest.c >&5
configure:7568: $? = 0
configure:7581: result: yes
configure:7609: checking if gcc static flag -static works
configure:7637: result: yes
configure:7647: checking if gcc supports -c -o file.o
configure:7668: gcc -c -g -O2  -o out/conftest2.o conftest.c >&5
configure:7672: $? = 0
configure:7694: result: yes
configure:7720: checking whether the gcc linker (/usr/bin/ld) supports shared libraries
configure:8707: result: yes
configure:8728: checking whether -lc should be explicitly linked in
configure:8733: gcc -c -g -O2  conftest.c >&5
configure:8736: $? = 0
configure:8751: gcc -shared conftest.o  -v -Wl,-soname -Wl,conftest -o conftest 2\>\&1 \| grep  -lc  \>/dev/null 2\>\&1
configure:8754: $? = 0
configure:8766: result: no
configure:8774: checking dynamic linker characteristics
configure:9350: result: GNU/Linux ld.so
configure:9359: checking how to hardcode library paths into programs
configure:9384: result: immediate
configure:9398: checking whether stripping libraries is possible
configure:9403: result: yes
configure:10316: checking if libtool supports shared libraries
configure:10318: result: yes
configure:10321: checking whether to build shared libraries
configure:10342: result: yes
configure:10345: checking whether to build static libraries
configure:10349: result: yes
configure:10441: creating libtool
configure:11029: checking for ld used by g++
configure:11096: result: /usr/bin/ld
configure:11105: checking if the linker (/usr/bin/ld) is GNU ld
configure:11120: result: yes
configure:11171: checking whether the g++ linker (/usr/bin/ld) supports shared libraries
configure:12137: result: yes
configure:12155: g++ -c -g -O2  conftest.cpp >&5
configure:12158: $? = 0
configure:12277: checking for g++ option to produce PIC
configure:12551: result: -fPIC
configure:12559: checking if g++ PIC flag -fPIC works
configure:12577: g++ -c -g -O2  -fPIC -DPIC conftest.cpp >&5
configure:12581: $? = 0
configure:12594: result: yes
configure:12622: checking if g++ static flag -static works
configure:12650: result: yes
configure:12660: checking if g++ supports -c -o file.o
configure:12681: g++ -c -g -O2  -o out/conftest2.o conftest.cpp >&5
configure:12685: $? = 0
configure:12707: result: yes
configure:12733: checking whether the g++ linker (/usr/bin/ld) supports shared libraries
configure:12761: result: yes
configure:12828: checking dynamic linker characteristics
configure:13404: result: GNU/Linux ld.so
configure:13413: checking how to hardcode library paths into programs
configure:13438: result: immediate
configure:19650: checking for pkg-config
configure:19668: found /usr/bin/pkg-config
configure:19681: result: /usr/bin/pkg-config
configure:19705: checking for GLIB - version >= 2.4.0
configure:19829: gcc -o conftest -g -O2 -I/usr/include/glib-2.0 -I/usr/lib/glib-2.0/include     conftest.c -Wl,--export-dynamic -lgmodule-2.0 -ldl -lglib-2.0    >&5
configure:19832: $? = 0
configure:19838: ./conftest
configure:19841: $? = 0
configure:19861: result: yes (version 2.10.3)
configure:19993: checking for pkg-config
configure:20024: result: /usr/bin/pkg-config
configure:20046: checking for GTK+ - version >= 2.4.0
configure:20166: gcc -o conftest -g -O2 -I/usr/include/gtk-2.0 -I/usr/lib/gtk-2.0/include -I/usr/include/atk-1.0 -I/usr/include/cairo -I/usr/include/pango-1.0 -I/usr/include/glib-2.0 -I/usr/lib/glib-2.0/include     conftest.c -lgtk-x11-2.0 -lgdk-x11-2.0 -latk-1.0 -lgdk_pixbuf-2.0 -lm -lpangocairo-1.0 -lfontconfig -lXext -lXrender -lXinerama -lXi -lXrandr -lXcursor -lXfixes -lpango-1.0 -lcairo -lX11 -lgobject-2.0 -lgmodule-2.0 -ldl -lglib-2.0    >&5
configure:20169: $? = 0
configure:20175: ./conftest
configure:20178: $? = 0
configure:20198: result: yes (version 2.8.20)
configure:20306: checking for bash
configure:20336: result: /bin/sh
configure:20355: checking for special C compiler options needed for large files
configure:20482: result: no
configure:20488: checking for _FILE_OFFSET_BITS value needed for large files
configure:20524: gcc -c -g -O2  conftest.c >&5
conftest.c:27: warning: left shift count >= width of type
conftest.c:27: warning: left shift count >= width of type
conftest.c:29: error: size of array 'off_t_is_large' is negative
configure:20530: $? = 1
configure: failed program was:
| /* confdefs.h.  */
| #define PACKAGE_NAME "FULL-PACKAGE-NAME"
| #define PACKAGE_TARNAME "full-package-name"
| #define PACKAGE_VERSION "VERSION"
| #define PACKAGE_STRING "FULL-PACKAGE-NAME VERSION"
| #define PACKAGE_BUGREPORT "BUG-REPORT-ADDRESS"
| #define PACKAGE "LinuxTraceToolkitViewer"
| #define VERSION "0.8.61-16092006"
| #define STDC_HEADERS 1
| #define HAVE_SYS_TYPES_H 1
| #define HAVE_SYS_STAT_H 1
| #define HAVE_STDLIB_H 1
| #define HAVE_STRING_H 1
| #define HAVE_MEMORY_H 1
| #define HAVE_STRINGS_H 1
| #define HAVE_INTTYPES_H 1
| #define HAVE_STDINT_H 1
| #define HAVE_UNISTD_H 1
| #define HAVE_DLFCN_H 1
| /* end confdefs.h.  */
| #include <sys/types.h>
|  /* Check that off_t can represent 2**63 - 1 correctly.
|     We can't simply define LARGE_OFF_T to be 9223372036854775807,
|     since some C++ compilers masquerading as C compilers
|     incorrectly reject 9223372036854775807.  */
| #define LARGE_OFF_T (((off_t) 1 << 62) - 1 + ((off_t) 1 << 62))
|   int off_t_is_large[(LARGE_OFF_T % 2147483629 == 721
| 		       && LARGE_OFF_T % 2147483647 == 1)
| 		      ? 1 : -1];
| int
| main ()
| {
| 
|   ;
|   return 0;
| }
configure:20591: gcc -c -g -O2  conftest.c >&5
configure:20597: $? = 0
configure:20604: test -z "$ac_c_werror_flag" || test ! -s conftest.err
configure:20607: $? = 0
configure:20614: test -s conftest.o
configure:20617: $? = 0
configure:20631: result: 64
configure:20641: checking for _LARGE_FILES value needed for large files
configure:20677: gcc -c -g -O2  conftest.c >&5
configure:20683: $? = 0
configure:20690: test -z "$ac_c_werror_flag" || test ! -s conftest.err
configure:20693: $? = 0
configure:20700: test -s conftest.o
configure:20703: $? = 0
configure:20784: result: no
configure:20846: checking for gcc
configure:20873: result: gcc
configure:21111: checking for C compiler version
configure:21118: gcc --version >&5
gcc (GCC) 4.0.3 (Ubuntu 4.0.3-1ubuntu5)
Copyright (C) 2006 Free Software Foundation, Inc.
This is free software; see the source for copying conditions.  There is NO
warranty; not even for MERCHANTABILITY or FITNESS FOR A PARTICULAR PURPOSE.

configure:21121: $? = 0
configure:21128: gcc -v >&5
Using built-in specs.
Target: i486-linux-gnu
Configured with: ../src/configure -v --enable-languages=c,c++,java,f95,objc,ada,treelang --prefix=/usr --enable-shared --with-system-zlib --libexecdir=/usr/lib --without-included-gettext --enable-threads=posix --enable-nls --program-suffix=-4.0 --enable-__cxa_atexit --enable-clocale=gnu --enable-libstdcxx-debug --enable-java-awt=gtk-default --enable-gtk-cairo --with-java-home=/usr/lib/jvm/java-1.4.2-gcj-4.0-1.4.2.0/jre --enable-mpfr --disable-werror --with-tune=pentium4 --enable-checking=release i486-linux-gnu
Thread model: posix
gcc version 4.0.3 (Ubuntu 4.0.3-1ubuntu5)
configure:21131: $? = 0
configure:21138: gcc -V >&5
gcc: '-V' option must have argument
configure:21141: $? = 1
configure:21144: checking whether we are using the GNU C compiler
configure:21213: result: yes
configure:21218: checking whether gcc accepts -g
configure:21404: result: yes
configure:21421: checking for gcc option to accept ISO C89
configure:21541: result: none needed
configure:21561: checking dependency style of gcc
configure:21644: result: gcc3
configure:21663: checking for poptGetNextOpt in -lpopt
configure:21698: gcc -o conftest -g -O2   conftest.c -lpopt   >&5
configure:21704: $? = 0
configure:21711: test -z "$ac_c_werror_flag" || test ! -s conftest.err
configure:21714: $? = 0
configure:21721: test -s conftest
configure:21724: $? = 0
configure:21738: result: yes
configure:21750: checking for forkpty in -lutil
configure:21785: gcc -o conftest -g -O2   conftest.c -lutil   >&5
configure:21791: $? = 0
configure:21798: test -z "$ac_c_werror_flag" || test ! -s conftest.err
configure:21801: $? = 0
configure:21808: test -s conftest
configure:21811: $? = 0
configure:21825: result: yes
configure:21843: checking for ANSI C header files
configure:22024: result: yes
configure:22054: checking fcntl.h usability
configure:22071: gcc -c -g -O2  conftest.c >&5
configure:22077: $? = 0
configure:22084: test -z "$ac_c_werror_flag" || test ! -s conftest.err
configure:22087: $? = 0
configure:22094: test -s conftest.o
configure:22097: $? = 0
configure:22108: result: yes
configure:22112: checking fcntl.h presence
configure:22127: gcc -E  conftest.c
configure:22133: $? = 0
configure:22154: result: yes
configure:22187: checking for fcntl.h
configure:22195: result: yes
configure:22044: checking for stdlib.h
configure:22050: result: yes
configure:22044: checking for string.h
configure:22050: result: yes
configure:22054: checking sys/time.h usability
configure:22071: gcc -c -g -O2  conftest.c >&5
configure:22077: $? = 0
configure:22084: test -z "$ac_c_werror_flag" || test ! -s conftest.err
configure:22087: $? = 0
configure:22094: test -s conftest.o
configure:22097: $? = 0
configure:22108: result: yes
configure:22112: checking sys/time.h presence
configure:22127: gcc -E  conftest.c
configure:22133: $? = 0
configure:22154: result: yes
configure:22187: checking for sys/time.h
configure:22195: result: yes
configure:22044: checking for unistd.h
configure:22050: result: yes
configure:22054: checking pthread.h usability
configure:22071: gcc -c -g -O2  conftest.c >&5
configure:22077: $? = 0
configure:22084: test -z "$ac_c_werror_flag" || test ! -s conftest.err
configure:22087: $? = 0
configure:22094: test -s conftest.o
configure:22097: $? = 0
configure:22108: result: yes
configure:22112: checking pthread.h presence
configure:22127: gcc -E  conftest.c
configure:22133: $? = 0
configure:22154: result: yes
configure:22187: checking for pthread.h
configure:22195: result: yes
configure:22210: checking for strerror in -lcposix
configure:22245: gcc -o conftest -g -O2   conftest.c -lcposix   >&5
/usr/bin/ld: cannot find -lcposix
collect2: ld returned 1 exit status
configure:22251: $? = 1
configure: failed program was:
| /* confdefs.h.  */
| #define PACKAGE_NAME "FULL-PACKAGE-NAME"
| #define PACKAGE_TARNAME "full-package-name"
| #define PACKAGE_VERSION "VERSION"
| #define PACKAGE_STRING "FULL-PACKAGE-NAME VERSION"
| #define PACKAGE_BUGREPORT "BUG-REPORT-ADDRESS"
| #define PACKAGE "LinuxTraceToolkitViewer"
| #define VERSION "0.8.61-16092006"
| #define STDC_HEADERS 1
| #define HAVE_SYS_TYPES_H 1
| #define HAVE_SYS_STAT_H 1
| #define HAVE_STDLIB_H 1
| #define HAVE_STRING_H 1
| #define HAVE_MEMORY_H 1
| #define HAVE_STRINGS_H 1
| #define HAVE_INTTYPES_H 1
| #define HAVE_STDINT_H 1
| #define HAVE_UNISTD_H 1
| #define HAVE_DLFCN_H 1
| #define _FILE_OFFSET_BITS 64
| #define STDC_HEADERS 1
| #define HAVE_FCNTL_H 1
| #define HAVE_STDLIB_H 1
| #define HAVE_STRING_H 1
| #define HAVE_SYS_TIME_H 1
| #define HAVE_UNISTD_H 1
| #define HAVE_PTHREAD_H 1
| /* end confdefs.h.  */
| 
| /* Override any GCC internal prototype to avoid an error.
|    Use char because int might match the return type of a GCC
|    builtin and then its argument prototype would still apply.  */
| #ifdef __cplusplus
| extern "C"
| #endif
| char strerror ();
| int
| main ()
| {
| return strerror ();
|   ;
|   return 0;
| }
configure:22285: result: no
configure:22341: checking for gcc
configure:22368: result: gcc
configure:22606: checking for C compiler version
configure:22613: gcc --version >&5
gcc (GCC) 4.0.3 (Ubuntu 4.0.3-1ubuntu5)
Copyright (C) 2006 Free Software Foundation, Inc.
This is free software; see the source for copying conditions.  There is NO
warranty; not even for MERCHANTABILITY or FITNESS FOR A PARTICULAR PURPOSE.

configure:22616: $? = 0
configure:22623: gcc -v >&5
Using built-in specs.
Target: i486-linux-gnu
Configured with: ../src/configure -v --enable-languages=c,c++,java,f95,objc,ada,treelang --prefix=/usr --enable-shared --with-system-zlib --libexecdir=/usr/lib --without-included-gettext --enable-threads=posix --enable-nls --program-suffix=-4.0 --enable-__cxa_atexit --enable-clocale=gnu --enable-libstdcxx-debug --enable-java-awt=gtk-default --enable-gtk-cairo --with-java-home=/usr/lib/jvm/java-1.4.2-gcj-4.0-1.4.2.0/jre --enable-mpfr --disable-werror --with-tune=pentium4 --enable-checking=release i486-linux-gnu
Thread model: posix
gcc version 4.0.3 (Ubuntu 4.0.3-1ubuntu5)
configure:22626: $? = 0
configure:22633: gcc -V >&5
gcc: '-V' option must have argument
configure:22636: $? = 1
configure:22639: checking whether we are using the GNU C compiler
configure:22708: result: yes
configure:22713: checking whether gcc accepts -g
configure:22899: result: yes
configure:22916: checking for gcc option to accept ISO C89
configure:23036: result: none needed
configure:23056: checking dependency style of gcc
configure:23139: result: gcc3
configure:23159: checking for gcc option to accept ANSI C
configure:23227: gcc  -c -g -O2  conftest.c >&5
configure:23233: $? = 0
configure:23240: test -z "$ac_c_werror_flag" || test ! -s conftest.err
configure:23243: $? = 0
configure:23250: test -s conftest.o
configure:23253: $? = 0
configure:23270: result: none needed
configure:23281: checking for ANSI C header files
configure:23462: result: yes
configure:23582: checking pkg-config is at least version 0.9.0
configure:23585: result: yes
configure:23596: checking for PACKAGE
configure:23604: $PKG_CONFIG --exists --print-errors "$pkg_modules"
configure:23607: $? = 0
configure:23622: $PKG_CONFIG --exists --print-errors "$pkg_modules"
configure:23625: $? = 0
configure:23701: result: yes
configure:23710: checking for stdbool.h that conforms to C99
configure:23803: gcc -c -g -O2  conftest.c >&5
configure:23809: $? = 0
configure:23816: test -z "$ac_c_werror_flag" || test ! -s conftest.err
configure:23819: $? = 0
configure:23826: test -s conftest.o
configure:23829: $? = 0
configure:23841: result: yes
configure:23843: checking for _Bool
configure:23873: gcc -c -g -O2  conftest.c >&5
configure:23879: $? = 0
configure:23886: test -z "$ac_c_werror_flag" || test ! -s conftest.err
configure:23889: $? = 0
configure:23896: test -s conftest.o
configure:23899: $? = 0
configure:23911: result: yes
configure:23930: checking for an ANSI C-conforming const
configure:24005: gcc -c -g -O2  conftest.c >&5
configure:24011: $? = 0
configure:24018: test -z "$ac_c_werror_flag" || test ! -s conftest.err
configure:24021: $? = 0
configure:24028: test -s conftest.o
configure:24031: $? = 0
configure:24043: result: yes
configure:24053: checking for inline
configure:24079: gcc -c -g -O2  conftest.c >&5
configure:24085: $? = 0
configure:24092: test -z "$ac_c_werror_flag" || test ! -s conftest.err
configure:24095: $? = 0
configure:24102: test -s conftest.o
configure:24105: $? = 0
configure:24120: result: inline
configure:24139: checking for off_t
configure:24169: gcc -c -g -O2  conftest.c >&5
configure:24175: $? = 0
configure:24182: test -z "$ac_c_werror_flag" || test ! -s conftest.err
configure:24185: $? = 0
configure:24192: test -s conftest.o
configure:24195: $? = 0
configure:24207: result: yes
configure:24219: checking for size_t
configure:24249: gcc -c -g -O2  conftest.c >&5
configure:24255: $? = 0
configure:24262: test -z "$ac_c_werror_flag" || test ! -s conftest.err
configure:24265: $? = 0
configure:24272: test -s conftest.o
configure:24275: $? = 0
configure:24287: result: yes
configure:24299: checking whether time.h and sys/time.h may both be included
configure:24329: gcc -c -g -O2  conftest.c >&5
configure:24335: $? = 0
configure:24342: test -z "$ac_c_werror_flag" || test ! -s conftest.err
configure:24345: $? = 0
configure:24352: test -s conftest.o
configure:24355: $? = 0
configure:24367: result: yes
configure:24379: checking for error_at_line
configure:24405: gcc -o conftest -g -O2   conftest.c  >&5
configure:24411: $? = 0
configure:24418: test -z "$ac_c_werror_flag" || test ! -s conftest.err
configure:24421: $? = 0
configure:24428: test -s conftest
configure:24431: $? = 0
configure:24444: result: yes
configure:24472: checking sys/select.h usability
configure:24489: gcc -c -g -O2  conftest.c >&5
configure:24495: $? = 0
configure:24502: test -z "$ac_c_werror_flag" || test ! -s conftest.err
configure:24505: $? = 0
configure:24512: test -s conftest.o
configure:24515: $? = 0
configure:24526: result: yes
configure:24530: checking sys/select.h presence
configure:24545: gcc -E  conftest.c
configure:24551: $? = 0
configure:24572: result: yes
configure:24605: checking for sys/select.h
configure:24613: result: yes
configure:24472: checking sys/socket.h usability
configure:24489: gcc -c -g -O2  conftest.c >&5
configure:24495: $? = 0
configure:24502: test -z "$ac_c_werror_flag" || test ! -s conftest.err
configure:24505: $? = 0
configure:24512: test -s conftest.o
configure:24515: $? = 0
configure:24526: result: yes
configure:24530: checking sys/socket.h presence
configure:24545: gcc -E  conftest.c
configure:24551: $? = 0
configure:24572: result: yes
configure:24605: checking for sys/socket.h
configure:24613: result: yes
configure:24626: checking types of arguments for select
configure:24664: gcc -c -g -O2  conftest.c >&5
configure:24670: $? = 0
configure:24677: test -z "$ac_c_werror_flag" || test ! -s conftest.err
configure:24680: $? = 0
configure:24687: test -s conftest.o
configure:24690: $? = 0
configure:24708: result: int,fd_set *,struct timeval *
configure:24735: checking for select
configure:24791: gcc -o conftest -g -O2   conftest.c  >&5
configure:24797: $? = 0
configure:24804: test -z "$ac_c_werror_flag" || test ! -s conftest.err
configure:24807: $? = 0
configure:24814: test -s conftest
configure:24817: $? = 0
configure:24831: result: yes
configure:25028: creating ./config.status

## ---------------------- ##
## Running config.status. ##
## ---------------------- ##

This file was extended by FULL-PACKAGE-NAME config.status VERSION, which was
generated by GNU Autoconf 2.60.  Invocation command line was

  CONFIG_FILES    = 
  CONFIG_HEADERS  = 
  CONFIG_LINKS    = 
  CONFIG_COMMANDS = 
  $ ./config.status 

on ubuntujov

config.status:696: creating Makefile
config.status:696: creating lttv/Makefile
config.status:696: creating lttv/lttv/Makefile
config.status:696: creating lttv/modules/Makefile
config.status:696: creating lttv/modules/text/Makefile
config.status:696: creating lttv/modules/gui/Makefile
config.status:696: creating lttv/modules/gui/lttvwindow/Makefile
config.status:696: creating lttv/modules/gui/interrupts/Makefile
config.status:696: creating lttv/modules/gui/tutorial/Makefile
config.status:696: creating lttv/modules/gui/diskperformance/Makefile
config.status:696: creating lttv/modules/gui/lttvwindow/lttvwindow/Makefile
config.status:696: creating lttv/modules/gui/lttvwindow/pixmaps/Makefile
config.status:696: creating lttv/modules/gui/controlflow/Makefile
config.status:696: creating lttv/modules/gui/detailedevents/Makefile
config.status:696: creating lttv/modules/gui/statistics/Makefile
config.status:696: creating lttv/modules/gui/histogram/Makefile
config.status:696: creating lttv/modules/gui/filter/Makefile
config.status:696: creating lttv/modules/gui/tracecontrol/Makefile
config.status:696: creating ltt/Makefile
config.status:696: creating doc/Makefile
config.status:696: creating doc/developer/Makefile
config.status:696: creating doc/developer/developer_guide/Makefile
config.status:696: creating doc/developer/developer_guide/docbook/Makefile
config.status:696: creating doc/developer/developer_guide/html/Makefile
config.status:696: creating doc/user/Makefile
config.status:696: creating doc/user/user_guide/Makefile
config.status:696: creating doc/user/user_guide/docbook/Makefile
config.status:696: creating doc/user/user_guide/html/Makefile
config.status:696: creating lttv/modules/gui/xenoltt/Makefile
config.status:696: creating config.h
config.status:935: config.h is unchanged
config.status:981: executing depfiles commands

## ---------------- ##
## Cache variables. ##
## ---------------- ##

ac_cv_build=i686-pc-linux-gnu
ac_cv_c_compiler_gnu=yes
ac_cv_c_const=yes
ac_cv_c_inline=inline
ac_cv_cxx_compiler_gnu=yes
ac_cv_env_CCC_set=
ac_cv_env_CCC_value=
ac_cv_env_CC_set=
ac_cv_env_CC_value=
ac_cv_env_CFLAGS_set=
ac_cv_env_CFLAGS_value=
ac_cv_env_CPPFLAGS_set=
ac_cv_env_CPPFLAGS_value=
ac_cv_env_CPP_set=
ac_cv_env_CPP_value=
ac_cv_env_CXXCPP_set=
ac_cv_env_CXXCPP_value=
ac_cv_env_CXXFLAGS_set=
ac_cv_env_CXXFLAGS_value=
ac_cv_env_CXX_set=
ac_cv_env_CXX_value=
ac_cv_env_F77_set=
ac_cv_env_F77_value=
ac_cv_env_FFLAGS_set=
ac_cv_env_FFLAGS_value=
ac_cv_env_LDFLAGS_set=
ac_cv_env_LDFLAGS_value=
ac_cv_env_PACKAGE_CFLAGS_set=
ac_cv_env_PACKAGE_CFLAGS_value=
ac_cv_env_PACKAGE_LIBS_set=
ac_cv_env_PACKAGE_LIBS_value=
ac_cv_env_PKG_CONFIG_set=
ac_cv_env_PKG_CONFIG_value=
ac_cv_env_build_alias_set=
ac_cv_env_build_alias_value=
ac_cv_env_host_alias_set=
ac_cv_env_host_alias_value=
ac_cv_env_target_alias_set=
ac_cv_env_target_alias_value=
ac_cv_f77_compiler_gnu=no
ac_cv_func_select=yes
ac_cv_func_select_args='int,fd_set *,struct timeval *'
ac_cv_header_dlfcn_h=yes
ac_cv_header_fcntl_h=yes
ac_cv_header_inttypes_h=yes
ac_cv_header_memory_h=yes
ac_cv_header_pthread_h=yes
ac_cv_header_stdbool_h=yes
ac_cv_header_stdc=yes
ac_cv_header_stdint_h=yes
ac_cv_header_stdlib_h=yes
ac_cv_header_string_h=yes
ac_cv_header_strings_h=yes
ac_cv_header_sys_select_h=yes
ac_cv_header_sys_socket_h=yes
ac_cv_header_sys_stat_h=yes
ac_cv_header_sys_time_h=yes
ac_cv_header_sys_types_h=yes
ac_cv_header_time=yes
ac_cv_header_unistd_h=yes
ac_cv_host=i686-pc-linux-gnu
ac_cv_lib_cposix_strerror=no
ac_cv_lib_error_at_line=yes
ac_cv_lib_popt_poptGetNextOpt=yes
ac_cv_lib_util_forkpty=yes
ac_cv_objext=o
ac_cv_path_BASH=/bin/sh
ac_cv_path_EGREP='/bin/grep -E'
ac_cv_path_GREP=/bin/grep
ac_cv_path_PKG_CONFIG=/usr/bin/pkg-config
ac_cv_path_install='/usr/bin/install -c'
ac_cv_prog_AWK=mawk
ac_cv_prog_CPP='gcc -E'
ac_cv_prog_CXXCPP='g++ -E'
ac_cv_prog_ac_ct_AR=ar
ac_cv_prog_ac_ct_CC=gcc
ac_cv_prog_ac_ct_CXX=g++
ac_cv_prog_ac_ct_RANLIB=ranlib
ac_cv_prog_ac_ct_STRIP=strip
ac_cv_prog_cc_c89=
ac_cv_prog_cc_g=yes
ac_cv_prog_cxx_g=yes
ac_cv_prog_f77_g=no
ac_cv_prog_make_make_set=yes
ac_cv_sys_file_offset_bits=64
ac_cv_sys_large_files=no
ac_cv_sys_largefile_CC=no
ac_cv_type__Bool=yes
ac_cv_type_off_t=yes
ac_cv_type_size_t=yes
am_cv_CC_dependencies_compiler_type=gcc3
am_cv_CXX_dependencies_compiler_type=gcc3
am_cv_prog_cc_stdc=
lt_cv_deplibs_check_method=pass_all
lt_cv_file_magic_cmd='$MAGIC_CMD'
lt_cv_file_magic_test_file=
lt_cv_ld_reload_flag=-r
lt_cv_objdir=.libs
lt_cv_path_LD=/usr/bin/ld
lt_cv_path_LDCXX=/usr/bin/ld
lt_cv_path_NM='/usr/bin/nm -B'
lt_cv_path_SED=/bin/sed
lt_cv_prog_compiler_c_o=yes
lt_cv_prog_compiler_c_o_CXX=yes
lt_cv_prog_compiler_rtti_exceptions=no
lt_cv_prog_gnu_ld=yes
lt_cv_prog_gnu_ldcxx=yes
lt_cv_sys_global_symbol_pipe='sed -n -e '\''s/^.*[ 	]\([ABCDGIRSTW][ABCDGIRSTW]*\)[ 	][ 	]*\([_A-Za-z][_A-Za-z0-9]*\)$/\1 \2 \2/p'\'''
lt_cv_sys_global_symbol_to_c_name_address='sed -n -e '\''s/^: \([^ ]*\) $/  {\"\1\", (lt_ptr) 0},/p'\'' -e '\''s/^[BCDEGRST] \([^ ]*\) \([^ ]*\)$/  {"\2", (lt_ptr) \&\2},/p'\'''
lt_cv_sys_global_symbol_to_cdecl='sed -n -e '\''s/^. .* \(.*\)$/extern int \1;/p'\'''
lt_cv_sys_max_cmd_len=32768
lt_lt_cv_prog_compiler_c_o='"yes"'
lt_lt_cv_prog_compiler_c_o_CXX='"yes"'
lt_lt_cv_sys_global_symbol_pipe='"sed -n -e '\''s/^.*[ 	]\\([ABCDGIRSTW][ABCDGIRSTW]*\\)[ 	][ 	]*\\([_A-Za-z][_A-Za-z0-9]*\\)\$/\\1 \\2 \\2/p'\''"'
lt_lt_cv_sys_global_symbol_to_c_name_address='"sed -n -e '\''s/^: \\([^ ]*\\) \$/  {\\\"\\1\\\", (lt_ptr) 0},/p'\'' -e '\''s/^[BCDEGRST] \\([^ ]*\\) \\([^ ]*\\)\$/  {\"\\2\", (lt_ptr) \\&\\2},/p'\''"'
lt_lt_cv_sys_global_symbol_to_cdecl='"sed -n -e '\''s/^. .* \\(.*\\)\$/extern int \\1;/p'\''"'
pkg_cv_PACKAGE_CFLAGS='-I/usr/include/gtk-2.0 -I/usr/lib/gtk-2.0/include -I/usr/include/atk-1.0 -I/usr/include/cairo -I/usr/include/pango-1.0 -I/usr/include/glib-2.0 -I/usr/lib/glib-2.0/include  '
pkg_cv_PACKAGE_LIBS='-lgtk-x11-2.0 -lgdk-x11-2.0 -latk-1.0 -lgdk_pixbuf-2.0 -lm -lpangocairo-1.0 -lfontconfig -lXext -lXrender -lXinerama -lXi -lXrandr -lXcursor -lXfixes -lpango-1.0 -lcairo -lX11 -lgobject-2.0 -lgmodule-2.0 -ldl -lglib-2.0  '

## ----------------- ##
## Output variables. ##
## ----------------- ##

ACLOCAL='${SHELL} /usr/src/LinuxTraceToolkitViewer-0.8.61-16092006/missing --run aclocal-1.7'
AMDEPBACKSLASH='\'
AMDEP_FALSE='#'
AMDEP_TRUE=''
AMTAR='${SHELL} /usr/src/LinuxTraceToolkitViewer-0.8.61-16092006/missing --run tar'
AR='ar'
AUTOCONF='${SHELL} /usr/src/LinuxTraceToolkitViewer-0.8.61-16092006/missing --run autoconf'
AUTOHEADER='${SHELL} /usr/src/LinuxTraceToolkitViewer-0.8.61-16092006/missing --run autoheader'
AUTOMAKE='${SHELL} /usr/src/LinuxTraceToolkitViewer-0.8.61-16092006/missing --run automake-1.7'
AWK='mawk'
BASH='/bin/sh'
CC='gcc'
CCDEPMODE='depmode=gcc3'
CFLAGS='-g -O2'
CPP='gcc -E'
CPPFLAGS=''
CXX='g++'
CXXCPP='g++ -E'
CXXDEPMODE='depmode=gcc3'
CXXFLAGS='-g -O2'
CYGPATH_W='echo'
DEFAULT_INCLUDES='-I$(top_srcdir) -I$(top_builddir) -I$(top_lttvdir) -I$(top_lttvwindowdir)'
DEFS='-DHAVE_CONFIG_H'
DEPDIR='.deps'
ECHO='echo'
ECHO_C=''
ECHO_N='-n'
ECHO_T=''
EGREP='/bin/grep -E'
EXEEXT=''
F77=''
FFLAGS=''
GLIB_CFLAGS='-I/usr/include/glib-2.0 -I/usr/lib/glib-2.0/include  '
GLIB_GENMARSHAL='glib-genmarshal'
GLIB_LIBS='-Wl,--export-dynamic -lgmodule-2.0 -ldl -lglib-2.0  '
GLIB_MKENUMS='glib-mkenums'
GOBJECT_QUERY='gobject-query'
GREP='/bin/grep'
GTK_CFLAGS='-I/usr/include/gtk-2.0 -I/usr/lib/gtk-2.0/include -I/usr/include/atk-1.0 -I/usr/include/cairo -I/usr/include/pango-1.0 -I/usr/include/glib-2.0 -I/usr/lib/glib-2.0/include  '
GTK_LIBS='-lgtk-x11-2.0 -lgdk-x11-2.0 -latk-1.0 -lgdk_pixbuf-2.0 -lm -lpangocairo-1.0 -lfontconfig -lXext -lXrender -lXinerama -lXi -lXrandr -lXcursor -lXfixes -lpango-1.0 -lcairo -lX11 -lgobject-2.0 -lgmodule-2.0 -ldl -lglib-2.0  '
INSTALL_DATA='${INSTALL} -m 644'
INSTALL_PROGRAM='${INSTALL}'
INSTALL_SCRIPT='${INSTALL}'
INSTALL_STRIP_PROGRAM='${SHELL} $(install_sh) -c -s'
LDFLAGS=''
LIBOBJS=''
LIBS=''
LIBTOOL='$(SHELL) $(top_builddir)/libtool'
LN_S='ln -s'
LTLIBOBJS=''
LTTVSTATIC_FALSE=''
LTTVSTATIC_TRUE='#'
MAKEINFO='${SHELL} /usr/src/LinuxTraceToolkitViewer-0.8.61-16092006/missing --run makeinfo'
OBJEXT='o'
PACKAGE='LinuxTraceToolkitViewer'
PACKAGE_BUGREPORT='BUG-REPORT-ADDRESS'
PACKAGE_CFLAGS='-Wall -Wformat'
PACKAGE_LIBS='-lgtk-x11-2.0 -lgdk-x11-2.0 -latk-1.0 -lgdk_pixbuf-2.0 -lm -lpangocairo-1.0 -lfontconfig -lXext -lXrender -lXinerama -lXi -lXrandr -lXcursor -lXfixes -lpango-1.0 -lcairo -lX11 -lgobject-2.0 -lgmodule-2.0 -ldl -lglib-2.0  '
PACKAGE_NAME='FULL-PACKAGE-NAME'
PACKAGE_STRING='FULL-PACKAGE-NAME VERSION'
PACKAGE_TARNAME='full-package-name'
PACKAGE_VERSION='VERSION'
PATH_SEPARATOR=':'
PKG_CONFIG='/usr/bin/pkg-config'
POPT_LIBS='-lpopt'
RANLIB='ranlib'
SET_MAKE=''
SHELL='/bin/sh'
STRIP='strip'
THREAD_LIBS=''
UTIL_LIBS='-lutil'
VERSION='0.8.61-16092006'
ac_ct_CC='gcc'
ac_ct_CXX='g++'
ac_ct_F77=''
am__fastdepCC_FALSE='#'
am__fastdepCC_TRUE=''
am__fastdepCXX_FALSE='#'
am__fastdepCXX_TRUE=''
am__include='include'
am__leading_dot='.'
am__quote=''
bindir='${exec_prefix}/bin'
build='i686-pc-linux-gnu'
build_alias=''
build_cpu='i686'
build_os='linux-gnu'
build_vendor='pc'
datadir='${datarootdir}'
datarootdir='${prefix}/share'
docdir='${datarootdir}/doc/${PACKAGE_TARNAME}'
dvidir='${docdir}'
exec_prefix='${prefix}'
host='i686-pc-linux-gnu'
host_alias=''
host_cpu='i686'
host_os='linux-gnu'
host_vendor='pc'
htmldir='${docdir}'
includedir='${prefix}/include'
infodir='${datarootdir}/info'
install_sh='/usr/src/LinuxTraceToolkitViewer-0.8.61-16092006/install-sh'
libdir='${exec_prefix}/lib'
libexecdir='${exec_prefix}/libexec'
localedir='${datarootdir}/locale'
localstatedir='${prefix}/var'
lttctlincludedir='${prefix}/include/liblttctl'
lttincludedir='${prefix}/include/ltt'
lttvincludedir='${prefix}/include/lttv'
lttvlibdir='${exec_prefix}/lib/lttv'
lttvplugindir='${exec_prefix}/lib/lttv/plugins'
lttvwindowincludedir='${prefix}/include/lttvwindow'
mandir='${datarootdir}/man'
oldincludedir='/usr/include'
pdfdir='${docdir}'
prefix='/usr/local'
program_transform_name='s,x,x,'
psdir='${docdir}'
sbindir='${exec_prefix}/sbin'
sharedstatedir='${prefix}/com'
sysconfdir='${prefix}/etc'
target_alias=''
top_lttvdir='$(top_srcdir)/lttv'
top_lttvwindowdir='$(top_srcdir)/lttv/modules/gui/lttvwindow'

## ----------- ##
## confdefs.h. ##
## ----------- ##

#define PACKAGE_NAME "FULL-PACKAGE-NAME"
#define PACKAGE_TARNAME "full-package-name"
#define PACKAGE_VERSION "VERSION"
#define PACKAGE_STRING "FULL-PACKAGE-NAME VERSION"
#define PACKAGE_BUGREPORT "BUG-REPORT-ADDRESS"
#define PACKAGE "LinuxTraceToolkitViewer"
#define VERSION "0.8.61-16092006"
#define STDC_HEADERS 1
#define HAVE_SYS_TYPES_H 1
#define HAVE_SYS_STAT_H 1
#define HAVE_STDLIB_H 1
#define HAVE_STRING_H 1
#define HAVE_MEMORY_H 1
#define HAVE_STRINGS_H 1
#define HAVE_INTTYPES_H 1
#define HAVE_STDINT_H 1
#define HAVE_UNISTD_H 1
#define HAVE_DLFCN_H 1
#define _FILE_OFFSET_BITS 64
#define STDC_HEADERS 1
#define HAVE_FCNTL_H 1
#define HAVE_STDLIB_H 1
#define HAVE_STRING_H 1
#define HAVE_SYS_TIME_H 1
#define HAVE_UNISTD_H 1
#define HAVE_PTHREAD_H 1
#define STDC_HEADERS 1
#define HAVE__BOOL 1
#define HAVE_STDBOOL_H 1
#define TIME_WITH_SYS_TIME 1
#define HAVE_SYS_SELECT_H 1
#define HAVE_SYS_SOCKET_H 1
#define SELECT_TYPE_ARG1 int
#define SELECT_TYPE_ARG234 (fd_set *)
#define SELECT_TYPE_ARG5 (struct timeval *)
#define HAVE_SELECT 1

configure: exit 0
