This file contains any messages produced by compilers while
running configure, to aid debugging if configure makes a mistake.

It was created by FULL-PACKAGE-NAME configure VERSION, which was
generated by GNU Autoconf 2.60.  Invocation command line was

  $ ./configure 

## --------- ##
## Platform. ##
## --------- ##

hostname = ubuntujov
uname -m = i686
uname -r = 2.6.17-lttng-0.5.113
uname -s = Linux
uname -v = #40 PREEMPT Tue Dec 5 15:02:52 EST 2006

/usr/bin/uname -p = unknown
/bin/uname -X     = unknown

/bin/arch              = i686
/usr/bin/arch -k       = unknown
/usr/convex/getsysinfo = unknown
/usr/bin/hostinfo      = unknown
/bin/machine           = unknown
/usr/bin/oslevel       = unknown
/bin/universe          = unknown

PATH: /usr/local/sbin
PATH: /usr/local/bin
PATH: /usr/sbin
PATH: /usr/bin
PATH: /sbin
PATH: /bin
PATH: /usr/X11R6/bin


## ----------- ##
## Core tests. ##
## ----------- ##

configure:1964: checking for a BSD-compatible install
configure:2020: result: /usr/bin/install -c
configure:2031: checking whether build environment is sane
configure:2074: result: yes
configure:2107: checking for gawk
configure:2137: result: no
configure:2107: checking for mawk
configure:2123: found /usr/bin/mawk
configure:2134: result: mawk
configure:2145: checking whether make sets $(MAKE)
configure:2166: result: yes
configure:2426: checking build system type
configure:2444: result: i686-pc-linux-gnu
configure:2466: checking host system type
configure:2481: result: i686-pc-linux-gnu
configure:2515: checking for style of include used by make
configure:2543: result: GNU
configure:2616: checking for gcc
configure:2632: found /usr/bin/gcc
configure:2643: result: gcc
configure:2881: checking for C compiler version
configure:2888: gcc --version >&5
gcc (GCC) 4.0.3 (Ubuntu 4.0.3-1ubuntu5)
Copyright (C) 2006 Free Software Foundation, Inc.
This is free software; see the source for copying conditions.  There is NO
warranty; not even for MERCHANTABILITY or FITNESS FOR A PARTICULAR PURPOSE.

configure:2891: $? = 0
configure:2898: gcc -v >&5
Using built-in specs.
Target: i486-linux-gnu
Configured with: ../src/configure -v --enable-languages=c,c++,java,f95,objc,ada,treelang --prefix=/usr --enable-shared --with-system-zlib --libexecdir=/usr/lib --without-included-gettext --enable-threads=posix --enable-nls --program-suffix=-4.0 --enable-__cxa_atexit --enable-clocale=gnu --enable-libstdcxx-debug --enable-java-awt=gtk-default --enable-gtk-cairo --with-java-home=/usr/lib/jvm/java-1.4.2-gcj-4.0-1.4.2.0/jre --enable-mpfr --disable-werror --with-tune=pentium4 --enable-checking=release i486-linux-gnu
Thread model: posix
gcc version 4.0.3 (Ubuntu 4.0.3-1ubuntu5)
configure:2901: $? = 0
configure:2908: gcc -V >&5
gcc: '-V' option must have argument
configure:2911: $? = 1
configure:2934: checking for C compiler default output file name
configure:2961: gcc    conftest.c  >&5
configure:2964: $? = 0
configure:3010: result: a.out
configure:3015: checking whether the C compiler works
configure:3025: ./a.out
configure:3028: $? = 0
configure:3045: result: yes
configure:3052: checking whether we are cross compiling
configure:3054: result: no
configure:3057: checking for suffix of executables
configure:3064: gcc -o conftest    conftest.c  >&5
configure:3067: $? = 0
configure:3091: result: 
configure:3097: checking for suffix of object files
configure:3123: gcc -c   conftest.c >&5
configure:3126: $? = 0
configure:3149: result: o
configure:3153: checking whether we are using the GNU C compiler
configure:3182: gcc -c   conftest.c >&5
configure:3188: $? = 0
configure:3195: test -z "$ac_c_werror_flag" || test ! -s conftest.err
configure:3198: $? = 0
configure:3205: test -s conftest.o
configure:3208: $? = 0
configure:3222: result: yes
configure:3227: checking whether gcc accepts -g
configure:3257: gcc -c -g  conftest.c >&5
configure:3263: $? = 0
configure:3270: test -z "$ac_c_werror_flag" || test ! -s conftest.err
configure:3273: $? = 0
configure:3280: test -s conftest.o
configure:3283: $? = 0
configure:3413: result: yes
configure:3430: checking for gcc option to accept ISO C89
configure:3504: gcc  -c -g -O2  conftest.c >&5
configure:3510: $? = 0
configure:3517: test -z "$ac_c_werror_flag" || test ! -s conftest.err
configure:3520: $? = 0
configure:3527: test -s conftest.o
configure:3530: $? = 0
configure:3550: result: none needed
configure:3570: checking dependency style of gcc
configure:3653: result: gcc3
configure:3670: checking for a sed that does not truncate output
configure:3724: result: /bin/sed
configure:3727: checking for grep that handles long lines and -e
configure:3801: result: /bin/grep
configure:3806: checking for egrep
configure:3884: result: /bin/grep -E
configure:3900: checking for ld used by gcc
configure:3967: result: /usr/bin/ld
configure:3976: checking if the linker (/usr/bin/ld) is GNU ld
configure:3991: result: yes
configure:3996: checking for /usr/bin/ld option to reload object files
configure:4003: result: -r
configure:4021: checking for BSD-compatible nm
configure:4070: result: /usr/bin/nm -B
configure:4074: checking whether ln -s works
configure:4078: result: yes
configure:4085: checking how to recognise dependent libraries
configure:4261: result: pass_all
configure:4511: checking how to run the C preprocessor
configure:4551: gcc -E  conftest.c
configure:4557: $? = 0
configure:4595: gcc -E  conftest.c
conftest.c:10:28: error: ac_nonexistent.h: No such file or directory
configure:4601: $? = 1
configure: failed program was:
| /* confdefs.h.  */
| #define PACKAGE_NAME "FULL-PACKAGE-NAME"
| #define PACKAGE_TARNAME "full-package-name"
| #define PACKAGE_VERSION "VERSION"
| #define PACKAGE_STRING "FULL-PACKAGE-NAME VERSION"
| #define PACKAGE_BUGREPORT "BUG-REPORT-ADDRESS"
| #define PACKAGE "ltt-control"
| #define VERSION "0.24-17092006"
| /* end confdefs.h.  */
| #include <ac_nonexistent.h>
configure:4641: result: gcc -E
configure:4670: gcc -E  conftest.c
configure:4676: $? = 0
configure:4714: gcc -E  conftest.c
conftest.c:10:28: error: ac_nonexistent.h: No such file or directory
configure:4720: $? = 1
configure: failed program was:
| /* confdefs.h.  */
| #define PACKAGE_NAME "FULL-PACKAGE-NAME"
| #define PACKAGE_TARNAME "full-package-name"
| #define PACKAGE_VERSION "VERSION"
| #define PACKAGE_STRING "FULL-PACKAGE-NAME VERSION"
| #define PACKAGE_BUGREPORT "BUG-REPORT-ADDRESS"
| #define PACKAGE "ltt-control"
| #define VERSION "0.24-17092006"
| /* end confdefs.h.  */
| #include <ac_nonexistent.h>
configure:4765: checking for ANSI C header files
configure:4795: gcc -c -g -O2  conftest.c >&5
configure:4801: $? = 0
configure:4808: test -z "$ac_c_werror_flag" || test ! -s conftest.err
configure:4811: $? = 0
configure:4818: test -s conftest.o
configure:4821: $? = 0
configure:4917: gcc -o conftest -g -O2   conftest.c  >&5
configure:4920: $? = 0
configure:4926: ./conftest
configure:4929: $? = 0
configure:4946: result: yes
configure:4970: checking for sys/types.h
configure:4991: gcc -c -g -O2  conftest.c >&5
configure:4997: $? = 0
configure:5004: test -z "$ac_c_werror_flag" || test ! -s conftest.err
configure:5007: $? = 0
configure:5014: test -s conftest.o
configure:5017: $? = 0
configure:5030: result: yes
configure:4970: checking for sys/stat.h
configure:4991: gcc -c -g -O2  conftest.c >&5
configure:4997: $? = 0
configure:5004: test -z "$ac_c_werror_flag" || test ! -s conftest.err
configure:5007: $? = 0
configure:5014: test -s conftest.o
configure:5017: $? = 0
configure:5030: result: yes
configure:4970: checking for stdlib.h
configure:4991: gcc -c -g -O2  conftest.c >&5
configure:4997: $? = 0
configure:5004: test -z "$ac_c_werror_flag" || test ! -s conftest.err
configure:5007: $? = 0
configure:5014: test -s conftest.o
configure:5017: $? = 0
configure:5030: result: yes
configure:4970: checking for string.h
configure:4991: gcc -c -g -O2  conftest.c >&5
configure:4997: $? = 0
configure:5004: test -z "$ac_c_werror_flag" || test ! -s conftest.err
configure:5007: $? = 0
configure:5014: test -s conftest.o
configure:5017: $? = 0
configure:5030: result: yes
configure:4970: checking for memory.h
configure:4991: gcc -c -g -O2  conftest.c >&5
configure:4997: $? = 0
configure:5004: test -z "$ac_c_werror_flag" || test ! -s conftest.err
configure:5007: $? = 0
configure:5014: test -s conftest.o
configure:5017: $? = 0
configure:5030: result: yes
configure:4970: checking for strings.h
configure:4991: gcc -c -g -O2  conftest.c >&5
configure:4997: $? = 0
configure:5004: test -z "$ac_c_werror_flag" || test ! -s conftest.err
configure:5007: $? = 0
configure:5014: test -s conftest.o
configure:5017: $? = 0
configure:5030: result: yes
configure:4970: checking for inttypes.h
configure:4991: gcc -c -g -O2  conftest.c >&5
configure:4997: $? = 0
configure:5004: test -z "$ac_c_werror_flag" || test ! -s conftest.err
configure:5007: $? = 0
configure:5014: test -s conftest.o
configure:5017: $? = 0
configure:5030: result: yes
configure:4970: checking for stdint.h
configure:4991: gcc -c -g -O2  conftest.c >&5
configure:4997: $? = 0
configure:5004: test -z "$ac_c_werror_flag" || test ! -s conftest.err
configure:5007: $? = 0
configure:5014: test -s conftest.o
configure:5017: $? = 0
configure:5030: result: yes
configure:4970: checking for unistd.h
configure:4991: gcc -c -g -O2  conftest.c >&5
configure:4997: $? = 0
configure:5004: test -z "$ac_c_werror_flag" || test ! -s conftest.err
configure:5007: $? = 0
configure:5014: test -s conftest.o
configure:5017: $? = 0
configure:5030: result: yes
configure:5057: checking dlfcn.h usability
configure:5074: gcc -c -g -O2  conftest.c >&5
configure:5080: $? = 0
configure:5087: test -z "$ac_c_werror_flag" || test ! -s conftest.err
configure:5090: $? = 0
configure:5097: test -s conftest.o
configure:5100: $? = 0
configure:5111: result: yes
configure:5115: checking dlfcn.h presence
configure:5130: gcc -E  conftest.c
configure:5136: $? = 0
configure:5157: result: yes
configure:5190: checking for dlfcn.h
configure:5198: result: yes
configure:5269: checking for g++
configure:5285: found /usr/bin/g++
configure:5296: result: g++
configure:5327: checking for C++ compiler version
configure:5334: g++ --version >&5
g++ (GCC) 4.0.3 (Ubuntu 4.0.3-1ubuntu5)
Copyright (C) 2006 Free Software Foundation, Inc.
This is free software; see the source for copying conditions.  There is NO
warranty; not even for MERCHANTABILITY or FITNESS FOR A PARTICULAR PURPOSE.

configure:5337: $? = 0
configure:5344: g++ -v >&5
Using built-in specs.
Target: i486-linux-gnu
Configured with: ../src/configure -v --enable-languages=c,c++,java,f95,objc,ada,treelang --prefix=/usr --enable-shared --with-system-zlib --libexecdir=/usr/lib --without-included-gettext --enable-threads=posix --enable-nls --program-suffix=-4.0 --enable-__cxa_atexit --enable-clocale=gnu --enable-libstdcxx-debug --enable-java-awt=gtk-default --enable-gtk-cairo --with-java-home=/usr/lib/jvm/java-1.4.2-gcj-4.0-1.4.2.0/jre --enable-mpfr --disable-werror --with-tune=pentium4 --enable-checking=release i486-linux-gnu
Thread model: posix
gcc version 4.0.3 (Ubuntu 4.0.3-1ubuntu5)
configure:5347: $? = 0
configure:5354: g++ -V >&5
g++: '-V' option must have argument
configure:5357: $? = 1
configure:5360: checking whether we are using the GNU C++ compiler
configure:5389: g++ -c   conftest.cpp >&5
configure:5395: $? = 0
configure:5402: test -z "$ac_cxx_werror_flag" || test ! -s conftest.err
configure:5405: $? = 0
configure:5412: test -s conftest.o
configure:5415: $? = 0
configure:5429: result: yes
configure:5434: checking whether g++ accepts -g
configure:5464: g++ -c -g  conftest.cpp >&5
configure:5470: $? = 0
configure:5477: test -z "$ac_cxx_werror_flag" || test ! -s conftest.err
configure:5480: $? = 0
configure:5487: test -s conftest.o
configure:5490: $? = 0
configure:5620: result: yes
configure:5645: checking dependency style of g++
configure:5728: result: gcc3
configure:5755: checking how to run the C++ preprocessor
configure:5791: g++ -E  conftest.cpp
configure:5797: $? = 0
configure:5835: g++ -E  conftest.cpp
conftest.cpp:21:28: error: ac_nonexistent.h: No such file or directory
configure:5841: $? = 1
configure: failed program was:
| /* confdefs.h.  */
| #define PACKAGE_NAME "FULL-PACKAGE-NAME"
| #define PACKAGE_TARNAME "full-package-name"
| #define PACKAGE_VERSION "VERSION"
| #define PACKAGE_STRING "FULL-PACKAGE-NAME VERSION"
| #define PACKAGE_BUGREPORT "BUG-REPORT-ADDRESS"
| #define PACKAGE "ltt-control"
| #define VERSION "0.24-17092006"
| #define STDC_HEADERS 1
| #define HAVE_SYS_TYPES_H 1
| #define HAVE_SYS_STAT_H 1
| #define HAVE_STDLIB_H 1
| #define HAVE_STRING_H 1
| #define HAVE_MEMORY_H 1
| #define HAVE_STRINGS_H 1
| #define HAVE_INTTYPES_H 1
| #define HAVE_STDINT_H 1
| #define HAVE_UNISTD_H 1
| #define HAVE_DLFCN_H 1
| /* end confdefs.h.  */
| #include <ac_nonexistent.h>
configure:5881: result: g++ -E
configure:5910: g++ -E  conftest.cpp
configure:5916: $? = 0
configure:5954: g++ -E  conftest.cpp
conftest.cpp:21:28: error: ac_nonexistent.h: No such file or directory
configure:5960: $? = 1
configure: failed program was:
| /* confdefs.h.  */
| #define PACKAGE_NAME "FULL-PACKAGE-NAME"
| #define PACKAGE_TARNAME "full-package-name"
| #define PACKAGE_VERSION "VERSION"
| #define PACKAGE_STRING "FULL-PACKAGE-NAME VERSION"
| #define PACKAGE_BUGREPORT "BUG-REPORT-ADDRESS"
| #define PACKAGE "ltt-control"
| #define VERSION "0.24-17092006"
| #define STDC_HEADERS 1
| #define HAVE_SYS_TYPES_H 1
| #define HAVE_SYS_STAT_H 1
| #define HAVE_STDLIB_H 1
| #define HAVE_STRING_H 1
| #define HAVE_MEMORY_H 1
| #define HAVE_STRINGS_H 1
| #define HAVE_INTTYPES_H 1
| #define HAVE_STDINT_H 1
| #define HAVE_UNISTD_H 1
| #define HAVE_DLFCN_H 1
| /* end confdefs.h.  */
| #include <ac_nonexistent.h>
configure:6060: checking for g77
configure:6090: result: no
configure:6060: checking for f77
configure:6090: result: no
configure:6060: checking for xlf
configure:6090: result: no
configure:6060: checking for frt
configure:6090: result: no
configure:6060: checking for pgf77
configure:6090: result: no
configure:6060: checking for cf77
configure:6090: result: no
configure:6060: checking for fort77
configure:6090: result: no
configure:6060: checking for fl32
configure:6090: result: no
configure:6060: checking for af77
configure:6090: result: no
configure:6060: checking for f90
configure:6090: result: no
configure:6060: checking for xlf90
configure:6090: result: no
configure:6060: checking for pgf90
configure:6090: result: no
configure:6060: checking for pghpf
configure:6090: result: no
configure:6060: checking for epcf90
configure:6090: result: no
configure:6060: checking for gfortran
configure:6090: result: no
configure:6060: checking for g95
configure:6090: result: no
configure:6060: checking for f95
configure:6090: result: no
configure:6060: checking for fort
configure:6090: result: no
configure:6060: checking for xlf95
configure:6090: result: no
configure:6060: checking for ifort
configure:6090: result: no
configure:6060: checking for ifc
configure:6090: result: no
configure:6060: checking for efc
configure:6090: result: no
configure:6060: checking for pgf95
configure:6090: result: no
configure:6060: checking for lf95
configure:6090: result: no
configure:6060: checking for ftn
configure:6090: result: no
configure:6117: checking for Fortran 77 compiler version
configure:6124:  --version >&5
./configure: line 6125: --version: command not found
configure:6127: $? = 127
configure:6134:  -v >&5
./configure: line 6135: -v: command not found
configure:6137: $? = 127
configure:6144:  -V >&5
./configure: line 6145: -V: command not found
configure:6147: $? = 127
configure:6155: checking whether we are using the GNU Fortran 77 compiler
configure:6174:  -c  conftest.F >&5
./configure: line 6175: -c: command not found
configure:6180: $? = 127
configure: failed program was:
|       program main
| #ifndef __GNUC__
|        choke me
| #endif
| 
|       end
configure:6214: result: no
configure:6220: checking whether  accepts -g
configure:6237:  -c -g conftest.f >&5
./configure: line 6238: -c: command not found
configure:6243: $? = 127
configure: failed program was:
|       program main
| 
|       end
configure:6276: result: no
configure:6306: checking the maximum length of command line arguments
configure:6415: result: 32768
configure:6426: checking command to parse /usr/bin/nm -B output from gcc object
configure:6531: gcc -c -g -O2  conftest.c >&5
configure:6534: $? = 0
configure:6538: /usr/bin/nm -B conftest.o \| sed -n -e 's/^.*[ 	]\([ABCDGIRSTW][ABCDGIRSTW]*\)[ 	][ 	]*\([_A-Za-z][_A-Za-z0-9]*\)$/\1 \2 \2/p' \> conftest.nm
configure:6541: $? = 0
configure:6593: gcc -o conftest -g -O2   conftest.c conftstm.o >&5
configure:6596: $? = 0
configure:6634: result: ok
configure:6638: checking for objdir
configure:6653: result: .libs
configure:6745: checking for ar
configure:6761: found /usr/bin/ar
configure:6772: result: ar
configure:6841: checking for ranlib
configure:6857: found /usr/bin/ranlib
configure:6868: result: ranlib
configure:6937: checking for strip
configure:6953: found /usr/bin/strip
configure:6964: result: strip
configure:7250: checking if gcc supports -fno-rtti -fno-exceptions
configure:7268: gcc -c -g -O2  -fno-rtti -fno-exceptions conftest.c >&5
cc1: warning: command line option "-fno-rtti" is valid for C++/ObjC++ but not for C
configure:7272: $? = 0
configure:7285: result: no
configure:7300: checking for gcc option to produce PIC
configure:7510: result: -fPIC
configure:7518: checking if gcc PIC flag -fPIC works
configure:7536: gcc -c -g -O2  -fPIC -DPIC conftest.c >&5
configure:7540: $? = 0
configure:7553: result: yes
configure:7581: checking if gcc static flag -static works
configure:7609: result: yes
configure:7619: checking if gcc supports -c -o file.o
configure:7640: gcc -c -g -O2  -o out/conftest2.o conftest.c >&5
configure:7644: $? = 0
configure:7666: result: yes
configure:7692: checking whether the gcc linker (/usr/bin/ld) supports shared libraries
configure:8679: result: yes
configure:8700: checking whether -lc should be explicitly linked in
configure:8705: gcc -c -g -O2  conftest.c >&5
configure:8708: $? = 0
configure:8723: gcc -shared conftest.o  -v -Wl,-soname -Wl,conftest -o conftest 2\>\&1 \| grep  -lc  \>/dev/null 2\>\&1
configure:8726: $? = 0
configure:8738: result: no
configure:8746: checking dynamic linker characteristics
configure:9322: result: GNU/Linux ld.so
configure:9331: checking how to hardcode library paths into programs
configure:9356: result: immediate
configure:9370: checking whether stripping libraries is possible
configure:9375: result: yes
configure:10288: checking if libtool supports shared libraries
configure:10290: result: yes
configure:10293: checking whether to build shared libraries
configure:10314: result: yes
configure:10317: checking whether to build static libraries
configure:10321: result: yes
configure:10413: creating libtool
configure:11001: checking for ld used by g++
configure:11068: result: /usr/bin/ld
configure:11077: checking if the linker (/usr/bin/ld) is GNU ld
configure:11092: result: yes
configure:11143: checking whether the g++ linker (/usr/bin/ld) supports shared libraries
configure:12109: result: yes
configure:12127: g++ -c -g -O2  conftest.cpp >&5
configure:12130: $? = 0
configure:12249: checking for g++ option to produce PIC
configure:12523: result: -fPIC
configure:12531: checking if g++ PIC flag -fPIC works
configure:12549: g++ -c -g -O2  -fPIC -DPIC conftest.cpp >&5
configure:12553: $? = 0
configure:12566: result: yes
configure:12594: checking if g++ static flag -static works
configure:12622: result: yes
configure:12632: checking if g++ supports -c -o file.o
configure:12653: g++ -c -g -O2  -o out/conftest2.o conftest.cpp >&5
configure:12657: $? = 0
configure:12679: result: yes
configure:12705: checking whether the g++ linker (/usr/bin/ld) supports shared libraries
configure:12733: result: yes
configure:12800: checking dynamic linker characteristics
configure:13376: result: GNU/Linux ld.so
configure:13385: checking how to hardcode library paths into programs
configure:13410: result: immediate
configure:19597: checking for bash
configure:19627: result: /bin/sh
configure:19646: checking for special C compiler options needed for large files
configure:19773: result: no
configure:19779: checking for _FILE_OFFSET_BITS value needed for large files
configure:19815: gcc -c -g -O2  conftest.c >&5
conftest.c:27: warning: left shift count >= width of type
conftest.c:27: warning: left shift count >= width of type
conftest.c:29: error: size of array 'off_t_is_large' is negative
configure:19821: $? = 1
configure: failed program was:
| /* confdefs.h.  */
| #define PACKAGE_NAME "FULL-PACKAGE-NAME"
| #define PACKAGE_TARNAME "full-package-name"
| #define PACKAGE_VERSION "VERSION"
| #define PACKAGE_STRING "FULL-PACKAGE-NAME VERSION"
| #define PACKAGE_BUGREPORT "BUG-REPORT-ADDRESS"
| #define PACKAGE "ltt-control"
| #define VERSION "0.24-17092006"
| #define STDC_HEADERS 1
| #define HAVE_SYS_TYPES_H 1
| #define HAVE_SYS_STAT_H 1
| #define HAVE_STDLIB_H 1
| #define HAVE_STRING_H 1
| #define HAVE_MEMORY_H 1
| #define HAVE_STRINGS_H 1
| #define HAVE_INTTYPES_H 1
| #define HAVE_STDINT_H 1
| #define HAVE_UNISTD_H 1
| #define HAVE_DLFCN_H 1
| /* end confdefs.h.  */
| #include <sys/types.h>
|  /* Check that off_t can represent 2**63 - 1 correctly.
|     We can't simply define LARGE_OFF_T to be 9223372036854775807,
|     since some C++ compilers masquerading as C compilers
|     incorrectly reject 9223372036854775807.  */
| #define LARGE_OFF_T (((off_t) 1 << 62) - 1 + ((off_t) 1 << 62))
|   int off_t_is_large[(LARGE_OFF_T % 2147483629 == 721
| 		       && LARGE_OFF_T % 2147483647 == 1)
| 		      ? 1 : -1];
| int
| main ()
| {
| 
|   ;
|   return 0;
| }
configure:19882: gcc -c -g -O2  conftest.c >&5
configure:19888: $? = 0
configure:19895: test -z "$ac_c_werror_flag" || test ! -s conftest.err
configure:19898: $? = 0
configure:19905: test -s conftest.o
configure:19908: $? = 0
configure:19922: result: 64
configure:19932: checking for _LARGE_FILES value needed for large files
configure:19968: gcc -c -g -O2  conftest.c >&5
configure:19974: $? = 0
configure:19981: test -z "$ac_c_werror_flag" || test ! -s conftest.err
configure:19984: $? = 0
configure:19991: test -s conftest.o
configure:19994: $? = 0
configure:20075: result: no
configure:20137: checking for gcc
configure:20164: result: gcc
configure:20402: checking for C compiler version
configure:20409: gcc --version >&5
gcc (GCC) 4.0.3 (Ubuntu 4.0.3-1ubuntu5)
Copyright (C) 2006 Free Software Foundation, Inc.
This is free software; see the source for copying conditions.  There is NO
warranty; not even for MERCHANTABILITY or FITNESS FOR A PARTICULAR PURPOSE.

configure:20412: $? = 0
configure:20419: gcc -v >&5
Using built-in specs.
Target: i486-linux-gnu
Configured with: ../src/configure -v --enable-languages=c,c++,java,f95,objc,ada,treelang --prefix=/usr --enable-shared --with-system-zlib --libexecdir=/usr/lib --without-included-gettext --enable-threads=posix --enable-nls --program-suffix=-4.0 --enable-__cxa_atexit --enable-clocale=gnu --enable-libstdcxx-debug --enable-java-awt=gtk-default --enable-gtk-cairo --with-java-home=/usr/lib/jvm/java-1.4.2-gcj-4.0-1.4.2.0/jre --enable-mpfr --disable-werror --with-tune=pentium4 --enable-checking=release i486-linux-gnu
Thread model: posix
gcc version 4.0.3 (Ubuntu 4.0.3-1ubuntu5)
configure:20422: $? = 0
configure:20429: gcc -V >&5
gcc: '-V' option must have argument
configure:20432: $? = 1
configure:20435: checking whether we are using the GNU C compiler
configure:20504: result: yes
configure:20509: checking whether gcc accepts -g
configure:20695: result: yes
configure:20712: checking for gcc option to accept ISO C89
configure:20832: result: none needed
configure:20852: checking dependency style of gcc
configure:20935: result: gcc3
configure:20953: checking for forkpty in -lutil
configure:20988: gcc -o conftest -g -O2   conftest.c -lutil   >&5
configure:20994: $? = 0
configure:21001: test -z "$ac_c_werror_flag" || test ! -s conftest.err
configure:21004: $? = 0
configure:21011: test -s conftest
configure:21014: $? = 0
configure:21028: result: yes
configure:21043: checking for pthread_join in -lpthread
configure:21078: gcc -o conftest -g -O2   conftest.c -lpthread   >&5
configure:21084: $? = 0
configure:21091: test -z "$ac_c_werror_flag" || test ! -s conftest.err
configure:21094: $? = 0
configure:21101: test -s conftest
configure:21104: $? = 0
configure:21118: result: yes
configure:21130: checking for ANSI C header files
configure:21311: result: yes
configure:21341: checking fcntl.h usability
configure:21358: gcc -c -g -O2  conftest.c >&5
configure:21364: $? = 0
configure:21371: test -z "$ac_c_werror_flag" || test ! -s conftest.err
configure:21374: $? = 0
configure:21381: test -s conftest.o
configure:21384: $? = 0
configure:21395: result: yes
configure:21399: checking fcntl.h presence
configure:21414: gcc -E  conftest.c
configure:21420: $? = 0
configure:21441: result: yes
configure:21474: checking for fcntl.h
configure:21482: result: yes
configure:21331: checking for stdlib.h
configure:21337: result: yes
configure:21331: checking for string.h
configure:21337: result: yes
configure:21341: checking sys/time.h usability
configure:21358: gcc -c -g -O2  conftest.c >&5
configure:21364: $? = 0
configure:21371: test -z "$ac_c_werror_flag" || test ! -s conftest.err
configure:21374: $? = 0
configure:21381: test -s conftest.o
configure:21384: $? = 0
configure:21395: result: yes
configure:21399: checking sys/time.h presence
configure:21414: gcc -E  conftest.c
configure:21420: $? = 0
configure:21441: result: yes
configure:21474: checking for sys/time.h
configure:21482: result: yes
configure:21331: checking for unistd.h
configure:21337: result: yes
configure:21341: checking pthread.h usability
configure:21358: gcc -c -g -O2  conftest.c >&5
configure:21364: $? = 0
configure:21371: test -z "$ac_c_werror_flag" || test ! -s conftest.err
configure:21374: $? = 0
configure:21381: test -s conftest.o
configure:21384: $? = 0
configure:21395: result: yes
configure:21399: checking pthread.h presence
configure:21414: gcc -E  conftest.c
configure:21420: $? = 0
configure:21441: result: yes
configure:21474: checking for pthread.h
configure:21482: result: yes
configure:21497: checking for strerror in -lcposix
configure:21532: gcc -o conftest -g -O2   conftest.c -lcposix   >&5
/usr/bin/ld: cannot find -lcposix
collect2: ld returned 1 exit status
configure:21538: $? = 1
configure: failed program was:
| /* confdefs.h.  */
| #define PACKAGE_NAME "FULL-PACKAGE-NAME"
| #define PACKAGE_TARNAME "full-package-name"
| #define PACKAGE_VERSION "VERSION"
| #define PACKAGE_STRING "FULL-PACKAGE-NAME VERSION"
| #define PACKAGE_BUGREPORT "BUG-REPORT-ADDRESS"
| #define PACKAGE "ltt-control"
| #define VERSION "0.24-17092006"
| #define STDC_HEADERS 1
| #define HAVE_SYS_TYPES_H 1
| #define HAVE_SYS_STAT_H 1
| #define HAVE_STDLIB_H 1
| #define HAVE_STRING_H 1
| #define HAVE_MEMORY_H 1
| #define HAVE_STRINGS_H 1
| #define HAVE_INTTYPES_H 1
| #define HAVE_STDINT_H 1
| #define HAVE_UNISTD_H 1
| #define HAVE_DLFCN_H 1
| #define _FILE_OFFSET_BITS 64
| #define STDC_HEADERS 1
| #define HAVE_FCNTL_H 1
| #define HAVE_STDLIB_H 1
| #define HAVE_STRING_H 1
| #define HAVE_SYS_TIME_H 1
| #define HAVE_UNISTD_H 1
| #define HAVE_PTHREAD_H 1
| /* end confdefs.h.  */
| 
| /* Override any GCC internal prototype to avoid an error.
|    Use char because int might match the return type of a GCC
|    builtin and then its argument prototype would still apply.  */
| #ifdef __cplusplus
| extern "C"
| #endif
| char strerror ();
| int
| main ()
| {
| return strerror ();
|   ;
|   return 0;
| }
configure:21572: result: no
configure:21628: checking for gcc
configure:21655: result: gcc
configure:21893: checking for C compiler version
configure:21900: gcc --version >&5
gcc (GCC) 4.0.3 (Ubuntu 4.0.3-1ubuntu5)
Copyright (C) 2006 Free Software Foundation, Inc.
This is free software; see the source for copying conditions.  There is NO
warranty; not even for MERCHANTABILITY or FITNESS FOR A PARTICULAR PURPOSE.

configure:21903: $? = 0
configure:21910: gcc -v >&5
Using built-in specs.
Target: i486-linux-gnu
Configured with: ../src/configure -v --enable-languages=c,c++,java,f95,objc,ada,treelang --prefix=/usr --enable-shared --with-system-zlib --libexecdir=/usr/lib --without-included-gettext --enable-threads=posix --enable-nls --program-suffix=-4.0 --enable-__cxa_atexit --enable-clocale=gnu --enable-libstdcxx-debug --enable-java-awt=gtk-default --enable-gtk-cairo --with-java-home=/usr/lib/jvm/java-1.4.2-gcj-4.0-1.4.2.0/jre --enable-mpfr --disable-werror --with-tune=pentium4 --enable-checking=release i486-linux-gnu
Thread model: posix
gcc version 4.0.3 (Ubuntu 4.0.3-1ubuntu5)
configure:21913: $? = 0
configure:21920: gcc -V >&5
gcc: '-V' option must have argument
configure:21923: $? = 1
configure:21926: checking whether we are using the GNU C compiler
configure:21995: result: yes
configure:22000: checking whether gcc accepts -g
configure:22186: result: yes
configure:22203: checking for gcc option to accept ISO C89
configure:22323: result: none needed
configure:22343: checking dependency style of gcc
configure:22426: result: gcc3
configure:22446: checking for gcc option to accept ANSI C
configure:22514: gcc  -c -g -O2  conftest.c >&5
configure:22520: $? = 0
configure:22527: test -z "$ac_c_werror_flag" || test ! -s conftest.err
configure:22530: $? = 0
configure:22537: test -s conftest.o
configure:22540: $? = 0
configure:22557: result: none needed
configure:22568: checking for ANSI C header files
configure:22749: result: yes
configure:22765: checking for stdbool.h that conforms to C99
configure:22858: gcc -c -g -O2  conftest.c >&5
configure:22864: $? = 0
configure:22871: test -z "$ac_c_werror_flag" || test ! -s conftest.err
configure:22874: $? = 0
configure:22881: test -s conftest.o
configure:22884: $? = 0
configure:22896: result: yes
configure:22898: checking for _Bool
configure:22928: gcc -c -g -O2  conftest.c >&5
configure:22934: $? = 0
configure:22941: test -z "$ac_c_werror_flag" || test ! -s conftest.err
configure:22944: $? = 0
configure:22951: test -s conftest.o
configure:22954: $? = 0
configure:22966: result: yes
configure:22985: checking for an ANSI C-conforming const
configure:23060: gcc -c -g -O2  conftest.c >&5
configure:23066: $? = 0
configure:23073: test -z "$ac_c_werror_flag" || test ! -s conftest.err
configure:23076: $? = 0
configure:23083: test -s conftest.o
configure:23086: $? = 0
configure:23098: result: yes
configure:23108: checking for inline
configure:23134: gcc -c -g -O2  conftest.c >&5
configure:23140: $? = 0
configure:23147: test -z "$ac_c_werror_flag" || test ! -s conftest.err
configure:23150: $? = 0
configure:23157: test -s conftest.o
configure:23160: $? = 0
configure:23175: result: inline
configure:23194: checking for off_t
configure:23224: gcc -c -g -O2  conftest.c >&5
configure:23230: $? = 0
configure:23237: test -z "$ac_c_werror_flag" || test ! -s conftest.err
configure:23240: $? = 0
configure:23247: test -s conftest.o
configure:23250: $? = 0
configure:23262: result: yes
configure:23274: checking for size_t
configure:23304: gcc -c -g -O2  conftest.c >&5
configure:23310: $? = 0
configure:23317: test -z "$ac_c_werror_flag" || test ! -s conftest.err
configure:23320: $? = 0
configure:23327: test -s conftest.o
configure:23330: $? = 0
configure:23342: result: yes
configure:23354: checking whether time.h and sys/time.h may both be included
configure:23384: gcc -c -g -O2  conftest.c >&5
configure:23390: $? = 0
configure:23397: test -z "$ac_c_werror_flag" || test ! -s conftest.err
configure:23400: $? = 0
configure:23407: test -s conftest.o
configure:23410: $? = 0
configure:23422: result: yes
configure:23434: checking for error_at_line
configure:23460: gcc -o conftest -g -O2   conftest.c  >&5
configure:23466: $? = 0
configure:23473: test -z "$ac_c_werror_flag" || test ! -s conftest.err
configure:23476: $? = 0
configure:23483: test -s conftest
configure:23486: $? = 0
configure:23499: result: yes
configure:23527: checking sys/select.h usability
configure:23544: gcc -c -g -O2  conftest.c >&5
configure:23550: $? = 0
configure:23557: test -z "$ac_c_werror_flag" || test ! -s conftest.err
configure:23560: $? = 0
configure:23567: test -s conftest.o
configure:23570: $? = 0
configure:23581: result: yes
configure:23585: checking sys/select.h presence
configure:23600: gcc -E  conftest.c
configure:23606: $? = 0
configure:23627: result: yes
configure:23660: checking for sys/select.h
configure:23668: result: yes
configure:23527: checking sys/socket.h usability
configure:23544: gcc -c -g -O2  conftest.c >&5
configure:23550: $? = 0
configure:23557: test -z "$ac_c_werror_flag" || test ! -s conftest.err
configure:23560: $? = 0
configure:23567: test -s conftest.o
configure:23570: $? = 0
configure:23581: result: yes
configure:23585: checking sys/socket.h presence
configure:23600: gcc -E  conftest.c
configure:23606: $? = 0
configure:23627: result: yes
configure:23660: checking for sys/socket.h
configure:23668: result: yes
configure:23681: checking types of arguments for select
configure:23719: gcc -c -g -O2  conftest.c >&5
configure:23725: $? = 0
configure:23732: test -z "$ac_c_werror_flag" || test ! -s conftest.err
configure:23735: $? = 0
configure:23742: test -s conftest.o
configure:23745: $? = 0
configure:23763: result: int,fd_set *,struct timeval *
configure:23790: checking for select
configure:23846: gcc -o conftest -g -O2   conftest.c  >&5
configure:23852: $? = 0
configure:23859: test -z "$ac_c_werror_flag" || test ! -s conftest.err
configure:23862: $? = 0
configure:23869: test -s conftest
configure:23872: $? = 0
configure:23886: result: yes
configure:24048: creating ./config.status

## ---------------------- ##
## Running config.status. ##
## ---------------------- ##

This file was extended by FULL-PACKAGE-NAME config.status VERSION, which was
generated by GNU Autoconf 2.60.  Invocation command line was

  CONFIG_FILES    = 
  CONFIG_HEADERS  = 
  CONFIG_LINKS    = 
  CONFIG_COMMANDS = 
  $ ./config.status 

on ubuntujov

config.status:654: creating Makefile
config.status:654: creating liblttctl/Makefile
config.status:654: creating lttctl/Makefile
config.status:654: creating lttd/Makefile
config.status:654: creating facilities/Makefile
config.status:654: creating config.h
config.status:893: config.h is unchanged
config.status:939: executing depfiles commands

## ---------------- ##
## Cache variables. ##
## ---------------- ##

ac_cv_build=i686-pc-linux-gnu
ac_cv_c_compiler_gnu=yes
ac_cv_c_const=yes
ac_cv_c_inline=inline
ac_cv_cxx_compiler_gnu=yes
ac_cv_env_CCC_set=
ac_cv_env_CCC_value=
ac_cv_env_CC_set=
ac_cv_env_CC_value=
ac_cv_env_CFLAGS_set=
ac_cv_env_CFLAGS_value=
ac_cv_env_CPPFLAGS_set=
ac_cv_env_CPPFLAGS_value=
ac_cv_env_CPP_set=
ac_cv_env_CPP_value=
ac_cv_env_CXXCPP_set=
ac_cv_env_CXXCPP_value=
ac_cv_env_CXXFLAGS_set=
ac_cv_env_CXXFLAGS_value=
ac_cv_env_CXX_set=
ac_cv_env_CXX_value=
ac_cv_env_F77_set=
ac_cv_env_F77_value=
ac_cv_env_FFLAGS_set=
ac_cv_env_FFLAGS_value=
ac_cv_env_LDFLAGS_set=
ac_cv_env_LDFLAGS_value=
ac_cv_env_build_alias_set=
ac_cv_env_build_alias_value=
ac_cv_env_host_alias_set=
ac_cv_env_host_alias_value=
ac_cv_env_target_alias_set=
ac_cv_env_target_alias_value=
ac_cv_f77_compiler_gnu=no
ac_cv_func_select=yes
ac_cv_func_select_args='int,fd_set *,struct timeval *'
ac_cv_header_dlfcn_h=yes
ac_cv_header_fcntl_h=yes
ac_cv_header_inttypes_h=yes
ac_cv_header_memory_h=yes
ac_cv_header_pthread_h=yes
ac_cv_header_stdbool_h=yes
ac_cv_header_stdc=yes
ac_cv_header_stdint_h=yes
ac_cv_header_stdlib_h=yes
ac_cv_header_string_h=yes
ac_cv_header_strings_h=yes
ac_cv_header_sys_select_h=yes
ac_cv_header_sys_socket_h=yes
ac_cv_header_sys_stat_h=yes
ac_cv_header_sys_time_h=yes
ac_cv_header_sys_types_h=yes
ac_cv_header_time=yes
ac_cv_header_unistd_h=yes
ac_cv_host=i686-pc-linux-gnu
ac_cv_lib_cposix_strerror=no
ac_cv_lib_error_at_line=yes
ac_cv_lib_pthread_pthread_join=yes
ac_cv_lib_util_forkpty=yes
ac_cv_objext=o
ac_cv_path_BASH=/bin/sh
ac_cv_path_EGREP='/bin/grep -E'
ac_cv_path_GREP=/bin/grep
ac_cv_path_install='/usr/bin/install -c'
ac_cv_prog_AWK=mawk
ac_cv_prog_CPP='gcc -E'
ac_cv_prog_CXXCPP='g++ -E'
ac_cv_prog_ac_ct_AR=ar
ac_cv_prog_ac_ct_CC=gcc
ac_cv_prog_ac_ct_CXX=g++
ac_cv_prog_ac_ct_RANLIB=ranlib
ac_cv_prog_ac_ct_STRIP=strip
ac_cv_prog_cc_c89=
ac_cv_prog_cc_g=yes
ac_cv_prog_cxx_g=yes
ac_cv_prog_f77_g=no
ac_cv_prog_make_make_set=yes
ac_cv_sys_file_offset_bits=64
ac_cv_sys_large_files=no
ac_cv_sys_largefile_CC=no
ac_cv_type__Bool=yes
ac_cv_type_off_t=yes
ac_cv_type_size_t=yes
am_cv_CC_dependencies_compiler_type=gcc3
am_cv_CXX_dependencies_compiler_type=gcc3
am_cv_prog_cc_stdc=
lt_cv_deplibs_check_method=pass_all
lt_cv_file_magic_cmd='$MAGIC_CMD'
lt_cv_file_magic_test_file=
lt_cv_ld_reload_flag=-r
lt_cv_objdir=.libs
lt_cv_path_LD=/usr/bin/ld
lt_cv_path_LDCXX=/usr/bin/ld
lt_cv_path_NM='/usr/bin/nm -B'
lt_cv_path_SED=/bin/sed
lt_cv_prog_compiler_c_o=yes
lt_cv_prog_compiler_c_o_CXX=yes
lt_cv_prog_compiler_rtti_exceptions=no
lt_cv_prog_gnu_ld=yes
lt_cv_prog_gnu_ldcxx=yes
lt_cv_sys_global_symbol_pipe='sed -n -e '\''s/^.*[ 	]\([ABCDGIRSTW][ABCDGIRSTW]*\)[ 	][ 	]*\([_A-Za-z][_A-Za-z0-9]*\)$/\1 \2 \2/p'\'''
lt_cv_sys_global_symbol_to_c_name_address='sed -n -e '\''s/^: \([^ ]*\) $/  {\"\1\", (lt_ptr) 0},/p'\'' -e '\''s/^[BCDEGRST] \([^ ]*\) \([^ ]*\)$/  {"\2", (lt_ptr) \&\2},/p'\'''
lt_cv_sys_global_symbol_to_cdecl='sed -n -e '\''s/^. .* \(.*\)$/extern int \1;/p'\'''
lt_cv_sys_max_cmd_len=32768
lt_lt_cv_prog_compiler_c_o='"yes"'
lt_lt_cv_prog_compiler_c_o_CXX='"yes"'
lt_lt_cv_sys_global_symbol_pipe='"sed -n -e '\''s/^.*[ 	]\\([ABCDGIRSTW][ABCDGIRSTW]*\\)[ 	][ 	]*\\([_A-Za-z][_A-Za-z0-9]*\\)\$/\\1 \\2 \\2/p'\''"'
lt_lt_cv_sys_global_symbol_to_c_name_address='"sed -n -e '\''s/^: \\([^ ]*\\) \$/  {\\\"\\1\\\", (lt_ptr) 0},/p'\'' -e '\''s/^[BCDEGRST] \\([^ ]*\\) \\([^ ]*\\)\$/  {\"\\2\", (lt_ptr) \\&\\2},/p'\''"'
lt_lt_cv_sys_global_symbol_to_cdecl='"sed -n -e '\''s/^. .* \\(.*\\)\$/extern int \\1;/p'\''"'

## ----------------- ##
## Output variables. ##
## ----------------- ##

ACLOCAL='${SHELL} /usr/src/ltt-control-0.24-17092006/missing --run aclocal-1.7'
AMDEPBACKSLASH='\'
AMDEP_FALSE='#'
AMDEP_TRUE=''
AMTAR='${SHELL} /usr/src/ltt-control-0.24-17092006/missing --run tar'
AR='ar'
AUTOCONF='${SHELL} /usr/src/ltt-control-0.24-17092006/missing --run autoconf'
AUTOHEADER='${SHELL} /usr/src/ltt-control-0.24-17092006/missing --run autoheader'
AUTOMAKE='${SHELL} /usr/src/ltt-control-0.24-17092006/missing --run automake-1.7'
AWK='mawk'
BASH='/bin/sh'
CC='gcc'
CCDEPMODE='depmode=gcc3'
CFLAGS='-g -O2'
CPP='gcc -E'
CPPFLAGS=''
CXX='g++'
CXXCPP='g++ -E'
CXXDEPMODE='depmode=gcc3'
CXXFLAGS='-g -O2'
CYGPATH_W='echo'
DEFAULT_INCLUDES='-I$(top_srcdir) -I$(top_builddir)'
DEFS='-DHAVE_CONFIG_H'
DEPDIR='.deps'
ECHO='echo'
ECHO_C=''
ECHO_N='-n'
ECHO_T=''
EGREP='/bin/grep -E'
EXEEXT=''
F77=''
FFLAGS=''
GREP='/bin/grep'
INSTALL_DATA='${INSTALL} -m 644'
INSTALL_PROGRAM='${INSTALL}'
INSTALL_SCRIPT='${INSTALL}'
INSTALL_STRIP_PROGRAM='${SHELL} $(install_sh) -c -s'
LDFLAGS=''
LIBOBJS=''
LIBS=''
LIBTOOL='$(SHELL) $(top_builddir)/libtool'
LN_S='ln -s'
LTLIBOBJS=''
MAKEINFO='${SHELL} /usr/src/ltt-control-0.24-17092006/missing --run makeinfo'
OBJEXT='o'
PACKAGE='ltt-control'
PACKAGE_BUGREPORT='BUG-REPORT-ADDRESS'
PACKAGE_CFLAGS='-Wall -Wformat'
PACKAGE_LIBS=''
PACKAGE_NAME='FULL-PACKAGE-NAME'
PACKAGE_STRING='FULL-PACKAGE-NAME VERSION'
PACKAGE_TARNAME='full-package-name'
PACKAGE_VERSION='VERSION'
PATH_SEPARATOR=':'
RANLIB='ranlib'
SET_MAKE=''
SHELL='/bin/sh'
STRIP='strip'
THREAD_LIBS='-lpthread'
UTIL_LIBS='-lutil'
VERSION='0.24-17092006'
ac_ct_CC='gcc'
ac_ct_CXX='g++'
ac_ct_F77=''
am__fastdepCC_FALSE='#'
am__fastdepCC_TRUE=''
am__fastdepCXX_FALSE='#'
am__fastdepCXX_TRUE=''
am__include='include'
am__leading_dot='.'
am__quote=''
bindir='${exec_prefix}/bin'
build='i686-pc-linux-gnu'
build_alias=''
build_cpu='i686'
build_os='linux-gnu'
build_vendor='pc'
datadir='${datarootdir}'
datarootdir='${prefix}/share'
docdir='${datarootdir}/doc/${PACKAGE_TARNAME}'
dvidir='${docdir}'
exec_prefix='${prefix}'
host='i686-pc-linux-gnu'
host_alias=''
host_cpu='i686'
host_os='linux-gnu'
host_vendor='pc'
htmldir='${docdir}'
includedir='${prefix}/include'
infodir='${datarootdir}/info'
install_sh='/usr/src/ltt-control-0.24-17092006/install-sh'
libdir='${exec_prefix}/lib'
libexecdir='${exec_prefix}/libexec'
localedir='${datarootdir}/locale'
localstatedir='${prefix}/var'
lttctlincludedir='${prefix}/include/liblttctl'
mandir='${datarootdir}/man'
oldincludedir='/usr/include'
pdfdir='${docdir}'
prefix='/usr/local'
program_transform_name='s,x,x,'
psdir='${docdir}'
sbindir='${exec_prefix}/sbin'
sharedstatedir='${prefix}/com'
sysconfdir='${prefix}/etc'
target_alias=''

## ----------- ##
## confdefs.h. ##
## ----------- ##

#define PACKAGE_NAME "FULL-PACKAGE-NAME"
#define PACKAGE_TARNAME "full-package-name"
#define PACKAGE_VERSION "VERSION"
#define PACKAGE_STRING "FULL-PACKAGE-NAME VERSION"
#define PACKAGE_BUGREPORT "BUG-REPORT-ADDRESS"
#define PACKAGE "ltt-control"
#define VERSION "0.24-17092006"
#define STDC_HEADERS 1
#define HAVE_SYS_TYPES_H 1
#define HAVE_SYS_STAT_H 1
#define HAVE_STDLIB_H 1
#define HAVE_STRING_H 1
#define HAVE_MEMORY_H 1
#define HAVE_STRINGS_H 1
#define HAVE_INTTYPES_H 1
#define HAVE_STDINT_H 1
#define HAVE_UNISTD_H 1
#define HAVE_DLFCN_H 1
#define _FILE_OFFSET_BITS 64
#define STDC_HEADERS 1
#define HAVE_FCNTL_H 1
#define HAVE_STDLIB_H 1
#define HAVE_STRING_H 1
#define HAVE_SYS_TIME_H 1
#define HAVE_UNISTD_H 1
#define HAVE_PTHREAD_H 1
#define STDC_HEADERS 1
#define HAVE__BOOL 1
#define HAVE_STDBOOL_H 1
#define TIME_WITH_SYS_TIME 1
#define HAVE_SYS_SELECT_H 1
#define HAVE_SYS_SOCKET_H 1
#define SELECT_TYPE_ARG1 int
#define SELECT_TYPE_ARG234 (fd_set *)
#define SELECT_TYPE_ARG5 (struct timeval *)
#define HAVE_SELECT 1

configure: exit 0
